#
# There is insufficient memory for the Java Runtime Environment to continue.
# Native memory allocation (malloc) failed to allocate 1093856 bytes. Error detail: Chunk::new
# Possible reasons:
#   The system is out of physical RAM or swap space
#   This process is running with CompressedOops enabled, and the Java Heap may be blocking the growth of the native heap
# Possible solutions:
#   Reduce memory load on the system
#   Increase physical memory or swap space
#   Check if swap backing store is full
#   Decrease Java heap size (-Xmx/-Xms)
#   Decrease number of Java threads
#   Decrease Java thread stack sizes (-Xss)
#   Set larger code cache with -XX:ReservedCodeCacheSize=
#   JVM is running with Unscaled Compressed Oops mode in which the Java heap is
#     placed in the first 4GB address space. The Java Heap base address is the
#     maximum limit for the native heap growth. Please use -XX:HeapBaseMinAddress
#     to set the Java Heap base and to place the Java Heap above 4GB virtual address.
# This output file may be truncated or incomplete.
#
#  Out of Memory Error (arena.cpp:168), pid=46768, tid=47048
#
# JRE version: OpenJDK Runtime Environment Temurin-21.0.8+9 (21.0.8+9) (build 21.0.8+9-LTS)
# Java VM: OpenJDK 64-Bit Server VM Temurin-21.0.8+9 (21.0.8+9-LTS, mixed mode, sharing, tiered, compressed oops, compressed class ptrs, parallel gc, windows-amd64)
# No core dump will be written. Minidumps are not enabled by default on client versions of Windows
#

---------------  S U M M A R Y ------------

Command Line: --add-modules=ALL-SYSTEM --add-opens=java.base/java.util=ALL-UNNAMED --add-opens=java.base/java.lang=ALL-UNNAMED --add-opens=java.base/sun.nio.fs=ALL-UNNAMED -Declipse.application=org.eclipse.jdt.ls.core.id1 -Dosgi.bundles.defaultStartLevel=4 -Declipse.product=org.eclipse.jdt.ls.core.product -Djava.import.generatesMetadataFilesAtProjectRoot=false -DDetectVMInstallationsJob.disabled=true -Dfile.encoding=utf8 -XX:+UseParallelGC -XX:GCTimeRatio=4 -XX:AdaptiveSizePolicyWeight=90 -Dsun.zip.disableMemoryMapping=true -Xmx2G -Xms100m -Xlog:disable -javaagent:c:\Users\tanmengyang\.trae-cn\extensions\redhat.java-1.47.0-win32-x64\lombok\lombok-1.18.39-4050.jar -XX:+HeapDumpOnOutOfMemoryError -XX:HeapDumpPath=c:\Users\tanmengyang\AppData\Roaming\Trae CN\User\workspaceStorage\44bda469783921144d4b918d0c7776f9\redhat.java -Daether.dependencyCollector.impl=bf c:\Users\tanmengyang\.trae-cn\extensions\redhat.java-1.47.0-win32-x64\server\plugins\org.eclipse.equinox.launcher_1.7.100.v20251014-1222.jar -configuration c:\Users\tanmengyang\AppData\Roaming\Trae CN\User\globalStorage\redhat.java\1.47.0\config_win -data c:\Users\tanmengyang\AppData\Roaming\Trae CN\User\workspaceStorage\44bda469783921144d4b918d0c7776f9\redhat.java\jdt_ws --pipe=\\.\pipe\lsp-5f129707a1c8504045b90e5079c2ef74-sock

Host: 13th Gen Intel(R) Core(TM) i5-13500H, 16 cores, 15G,  Windows 11 , 64 bit Build 26100 (10.0.26100.6725)
Time: Tue Nov 11 17:26:48 2025 elapsed time: 53.140472 seconds (0d 0h 0m 53s)

---------------  T H R E A D  ---------------

Current thread (0x0000023bc30f56e0):  JavaThread "C2 CompilerThread1" daemon [_thread_in_native, id=47048, stack(0x000000ed00f00000,0x000000ed01000000) (1024K)]


Current CompileTask:
C2:53140 17569       4       org.eclipse.jdt.internal.compiler.lookup.BinaryTypeBinding::createMethod (1666 bytes)

Stack: [0x000000ed00f00000,0x000000ed01000000]
Native frames: (J=compiled Java code, j=interpreted, Vv=VM code, C=native code)
V  [jvm.dll+0x6d2449]
V  [jvm.dll+0x8ae341]
V  [jvm.dll+0x8b08be]
V  [jvm.dll+0x8b0fa3]
V  [jvm.dll+0x280c96]
V  [jvm.dll+0xc581d]
V  [jvm.dll+0xc5d53]
V  [jvm.dll+0x3b919c]
V  [jvm.dll+0x1e1409]
V  [jvm.dll+0x249022]
V  [jvm.dll+0x2484af]
V  [jvm.dll+0x1c89ee]
V  [jvm.dll+0x257d4d]
V  [jvm.dll+0x2562ea]
V  [jvm.dll+0x3f2d16]
V  [jvm.dll+0x857e6b]
V  [jvm.dll+0x6d0b0d]
C  [ucrtbase.dll+0x37b0]
C  [KERNEL32.DLL+0x2e8d7]
C  [ntdll.dll+0x8c53c]


---------------  P R O C E S S  ---------------

Threads class SMR info:
_java_thread_list=0x0000023bc1e3a380, length=110, elements={
0x0000023bdc2cf7f0, 0x0000023bf4fd9870, 0x0000023bf4fdc2f0, 0x0000023bf63a6310,
0x0000023bf63a9120, 0x0000023bf63a9b70, 0x0000023bf63af040, 0x0000023bf63bcb60,
0x0000023bf63be4f0, 0x0000023bf64aa4c0, 0x0000023bf671e1b0, 0x0000023bfc406db0,
0x0000023bfc46fbd0, 0x0000023bfc4df4d0, 0x0000023bfc4e1c50, 0x0000023bfceb36b0,
0x0000023bfcb06010, 0x0000023bfca23e70, 0x0000023bfcf8d9c0, 0x0000023bfd1e72f0,
0x0000023bfd1e8d30, 0x0000023bfd1e93c0, 0x0000023bfd1e6c60, 0x0000023bfd1e8010,
0x0000023bfd1e7980, 0x0000023bc138ddc0, 0x0000023bc138eae0, 0x0000023bc138f170,
0x0000023bc138f800, 0x0000023bc138d0a0, 0x0000023bc138d730, 0x0000023bc138e450,
0x0000023bc138fe90, 0x0000023bc1390520, 0x0000023bc11f7af0, 0x0000023bc11f6740,
0x0000023bc11f7460, 0x0000023bc11f8180, 0x0000023bc11f60b0, 0x0000023bc11f5390,
0x0000023bc11f8810, 0x0000023bc11f8ea0, 0x0000023bc11f5a20, 0x0000023bc11f9530,
0x0000023bc11f9bc0, 0x0000023bc11fa250, 0x0000023bc11fa8e0, 0x0000023bc11fc320,
0x0000023bc11fb600, 0x0000023bc11fc9b0, 0x0000023bc11fbc90, 0x0000023bc11faf70,
0x0000023bc3401c70, 0x0000023bc3403020, 0x0000023bc3402300, 0x0000023bc34008c0,
0x0000023bc3400f50, 0x0000023bc3402990, 0x0000023bc34050f0, 0x0000023bc34043d0,
0x0000023bc34064a0, 0x0000023bc3404a60, 0x0000023bc34036b0, 0x0000023bc34071c0,
0x0000023bc3405780, 0x0000023bc3405e10, 0x0000023bc3407850, 0x0000023bc3407ee0,
0x0000023bc2650ed0, 0x0000023bc2650840, 0x0000023bc2651560, 0x0000023bc2651bf0,
0x0000023bc2652280, 0x0000023bc26501b0, 0x0000023bc2655d90, 0x0000023bc2652910,
0x0000023bc2654350, 0x0000023bc26549e0, 0x0000023bc2655070, 0x0000023bc2652fa0,
0x0000023bc2656ab0, 0x0000023bc2653630, 0x0000023bc2657140, 0x0000023bc2653cc0,
0x0000023bc2655700, 0x0000023bc26577d0, 0x0000023bc35385a0, 0x0000023bc353c0b0,
0x0000023bc353ba20, 0x0000023bc3539fe0, 0x0000023bc3539950, 0x0000023bc353eea0,
0x0000023bc353cdd0, 0x0000023bc353e810, 0x0000023bc353fbc0, 0x0000023bc353d460,
0x0000023bc353f530, 0x0000023bc36dbd30, 0x0000023bc36dc3c0, 0x0000023bc36db010,
0x0000023bc36dca50, 0x0000023bc36dd770, 0x0000023bc36de490, 0x0000023bc36dd0e0,
0x0000023bc36dde00, 0x0000023bc36db6a0, 0x0000023bc36e1280, 0x0000023bc36deb20,
0x0000023bc30f8690, 0x0000023bc30f56e0
}

Java Threads: ( => current thread )
  0x0000023bdc2cf7f0 JavaThread "main"                              [_thread_blocked, id=46804, stack(0x000000ed7ee00000,0x000000ed7ef00000) (1024K)]
  0x0000023bf4fd9870 JavaThread "Reference Handler"          daemon [_thread_blocked, id=46844, stack(0x000000ed7f200000,0x000000ed7f300000) (1024K)]
  0x0000023bf4fdc2f0 JavaThread "Finalizer"                  daemon [_thread_blocked, id=46848, stack(0x000000ed7f300000,0x000000ed7f400000) (1024K)]
  0x0000023bf63a6310 JavaThread "Signal Dispatcher"          daemon [_thread_blocked, id=46852, stack(0x000000ed7f400000,0x000000ed7f500000) (1024K)]
  0x0000023bf63a9120 JavaThread "Attach Listener"            daemon [_thread_blocked, id=46856, stack(0x000000ed7f500000,0x000000ed7f600000) (1024K)]
  0x0000023bf63a9b70 JavaThread "Service Thread"             daemon [_thread_blocked, id=46860, stack(0x000000ed7f600000,0x000000ed7f700000) (1024K)]
  0x0000023bf63af040 JavaThread "Monitor Deflation Thread"   daemon [_thread_blocked, id=46864, stack(0x000000ed7f700000,0x000000ed7f800000) (1024K)]
  0x0000023bf63bcb60 JavaThread "C2 CompilerThread0"         daemon [_thread_in_native, id=46868, stack(0x000000ed7f800000,0x000000ed7f900000) (1024K)]
  0x0000023bf63be4f0 JavaThread "C1 CompilerThread0"         daemon [_thread_in_native, id=46872, stack(0x000000ed7f900000,0x000000ed7fa00000) (1024K)]
  0x0000023bf64aa4c0 JavaThread "Common-Cleaner"             daemon [_thread_blocked, id=46876, stack(0x000000ed7fa00000,0x000000ed7fb00000) (1024K)]
  0x0000023bf671e1b0 JavaThread "Notification Thread"        daemon [_thread_blocked, id=47044, stack(0x000000ed7fb00000,0x000000ed7fc00000) (1024K)]
  0x0000023bfc406db0 JavaThread "Active Thread: Equinox Container: 64c8ce5b-be5f-407a-89e5-4b1bffc37f9b"        [_thread_blocked, id=45276, stack(0x000000ed00200000,0x000000ed00300000) (1024K)]
  0x0000023bfc46fbd0 JavaThread "Refresh Thread: Equinox Container: 64c8ce5b-be5f-407a-89e5-4b1bffc37f9b" daemon [_thread_blocked, id=36920, stack(0x000000ed00300000,0x000000ed00400000) (1024K)]
  0x0000023bfc4df4d0 JavaThread "Framework Event Dispatcher: Equinox Container: 64c8ce5b-be5f-407a-89e5-4b1bffc37f9b" daemon [_thread_blocked, id=44628, stack(0x000000ed00500000,0x000000ed00600000) (1024K)]
  0x0000023bfc4e1c50 JavaThread "Start Level: Equinox Container: 64c8ce5b-be5f-407a-89e5-4b1bffc37f9b" daemon [_thread_blocked, id=25476, stack(0x000000ed00600000,0x000000ed00700000) (1024K)]
  0x0000023bfceb36b0 JavaThread "Bundle File Closer"         daemon [_thread_blocked, id=43908, stack(0x000000ed00a00000,0x000000ed00b00000) (1024K)]
  0x0000023bfcb06010 JavaThread "SCR Component Actor"        daemon [_thread_blocked, id=7208, stack(0x000000ed00b00000,0x000000ed00c00000) (1024K)]
  0x0000023bfca23e70 JavaThread "Worker-JM"                         [_thread_blocked, id=24896, stack(0x000000ed00e00000,0x000000ed00f00000) (1024K)]
  0x0000023bfcf8d9c0 JavaThread "JNA Cleaner"                daemon [_thread_blocked, id=46332, stack(0x000000ed01100000,0x000000ed01200000) (1024K)]
  0x0000023bfd1e72f0 JavaThread "Worker-0"                          [_thread_blocked, id=27444, stack(0x000000ed01300000,0x000000ed01400000) (1024K)]
  0x0000023bfd1e8d30 JavaThread "Worker-1: Building"                [_thread_in_Java, id=46700, stack(0x000000ed01400000,0x000000ed01500000) (1024K)]
  0x0000023bfd1e93c0 JavaThread "Worker-2"                          [_thread_blocked, id=46752, stack(0x000000ed01500000,0x000000ed01600000) (1024K)]
  0x0000023bfd1e6c60 JavaThread "Java indexing"              daemon [_thread_blocked, id=46728, stack(0x000000ed01900000,0x000000ed01a00000) (1024K)]
  0x0000023bfd1e8010 JavaThread "Worker-3"                          [_thread_blocked, id=46892, stack(0x000000ed01c00000,0x000000ed01d00000) (1024K)]
  0x0000023bfd1e7980 JavaThread "Worker-4"                          [_thread_blocked, id=46932, stack(0x000000ed01d00000,0x000000ed01e00000) (1024K)]
  0x0000023bc138ddc0 JavaThread "Worker-5: Register Watchers"        [_thread_blocked, id=46936, stack(0x000000ed01e00000,0x000000ed01f00000) (1024K)]
  0x0000023bc138eae0 JavaThread "Thread-1"                   daemon [_thread_in_native, id=46940, stack(0x000000ed01f00000,0x000000ed02000000) (1024K)]
  0x0000023bc138f170 JavaThread "Thread-2"                   daemon [_thread_in_native, id=46944, stack(0x000000ed02000000,0x000000ed02100000) (1024K)]
  0x0000023bc138f800 JavaThread "Thread-3"                   daemon [_thread_in_native, id=46948, stack(0x000000ed02100000,0x000000ed02200000) (1024K)]
  0x0000023bc138d0a0 JavaThread "Thread-4"                   daemon [_thread_in_native, id=46952, stack(0x000000ed02200000,0x000000ed02300000) (1024K)]
  0x0000023bc138d730 JavaThread "Thread-5"                   daemon [_thread_in_native, id=46956, stack(0x000000ed02300000,0x000000ed02400000) (1024K)]
  0x0000023bc138e450 JavaThread "Thread-6"                   daemon [_thread_in_native, id=46960, stack(0x000000ed02400000,0x000000ed02500000) (1024K)]
  0x0000023bc138fe90 JavaThread "Thread-7"                   daemon [_thread_in_native, id=46964, stack(0x000000ed02500000,0x000000ed02600000) (1024K)]
  0x0000023bc1390520 JavaThread "Thread-8"                   daemon [_thread_in_native, id=46968, stack(0x000000ed02600000,0x000000ed02700000) (1024K)]
  0x0000023bc11f7af0 JavaThread "Thread-9"                   daemon [_thread_in_native, id=46972, stack(0x000000ed02700000,0x000000ed02800000) (1024K)]
  0x0000023bc11f6740 JavaThread "Thread-10"                  daemon [_thread_in_native, id=46976, stack(0x000000ed02800000,0x000000ed02900000) (1024K)]
  0x0000023bc11f7460 JavaThread "Thread-11"                  daemon [_thread_in_native, id=46980, stack(0x000000ed02900000,0x000000ed02a00000) (1024K)]
  0x0000023bc11f8180 JavaThread "Thread-12"                  daemon [_thread_in_native, id=46984, stack(0x000000ed02a00000,0x000000ed02b00000) (1024K)]
  0x0000023bc11f60b0 JavaThread "Thread-13"                  daemon [_thread_in_native, id=46988, stack(0x000000ed02b00000,0x000000ed02c00000) (1024K)]
  0x0000023bc11f5390 JavaThread "Thread-14"                  daemon [_thread_in_native, id=46992, stack(0x000000ed02c00000,0x000000ed02d00000) (1024K)]
  0x0000023bc11f8810 JavaThread "Thread-15"                  daemon [_thread_in_native, id=46928, stack(0x000000ed02d00000,0x000000ed02e00000) (1024K)]
  0x0000023bc11f8ea0 JavaThread "Thread-16"                  daemon [_thread_in_native, id=46924, stack(0x000000ed02e00000,0x000000ed02f00000) (1024K)]
  0x0000023bc11f5a20 JavaThread "Thread-17"                  daemon [_thread_in_native, id=46920, stack(0x000000ed02f00000,0x000000ed03000000) (1024K)]
  0x0000023bc11f9530 JavaThread "pool-2-thread-1"                   [_thread_blocked, id=46916, stack(0x000000ed03000000,0x000000ed03100000) (1024K)]
  0x0000023bc11f9bc0 JavaThread "WorkspaceEventsHandler"            [_thread_blocked, id=46884, stack(0x000000ed03100000,0x000000ed03200000) (1024K)]
  0x0000023bc11fa250 JavaThread "pool-1-thread-1"                   [_thread_blocked, id=46912, stack(0x000000ed03200000,0x000000ed03300000) (1024K)]
  0x0000023bc11fa8e0 JavaThread "LocalFile Deleter"          daemon [_thread_blocked, id=3160, stack(0x000000ed01600000,0x000000ed01700000) (1024K)]
  0x0000023bc11fc320 JavaThread "LocalFile Deleter"          daemon [_thread_blocked, id=24300, stack(0x000000ed01700000,0x000000ed01800000) (1024K)]
  0x0000023bc11fb600 JavaThread "LocalFile Deleter"          daemon [_thread_blocked, id=42104, stack(0x000000ed03300000,0x000000ed03400000) (1024K)]
  0x0000023bc11fc9b0 JavaThread "LocalFile Deleter"          daemon [_thread_blocked, id=30536, stack(0x000000ed03400000,0x000000ed03500000) (1024K)]
  0x0000023bc11fbc90 JavaThread "LocalFile Deleter"          daemon [_thread_blocked, id=17964, stack(0x000000ed03500000,0x000000ed03600000) (1024K)]
  0x0000023bc11faf70 JavaThread "LocalFile Deleter"          daemon [_thread_blocked, id=6776, stack(0x000000ed03600000,0x000000ed03700000) (1024K)]
  0x0000023bc3401c70 JavaThread "LocalFile Deleter"          daemon [_thread_blocked, id=40024, stack(0x000000ed03700000,0x000000ed03800000) (1024K)]
  0x0000023bc3403020 JavaThread "LocalFile Deleter"          daemon [_thread_blocked, id=34784, stack(0x000000ed03800000,0x000000ed03900000) (1024K)]
  0x0000023bc3402300 JavaThread "LocalFile Deleter"          daemon [_thread_blocked, id=32268, stack(0x000000ed03900000,0x000000ed03a00000) (1024K)]
  0x0000023bc34008c0 JavaThread "Compiler Source File Reader" daemon [_thread_blocked, id=28216, stack(0x000000ed03a00000,0x000000ed03b00000) (1024K)]
  0x0000023bc3400f50 JavaThread "Compiler Source File Reader" daemon [_thread_blocked, id=38352, stack(0x000000ed03b00000,0x000000ed03c00000) (1024K)]
  0x0000023bc3402990 JavaThread "Compiler Source File Reader" daemon [_thread_blocked, id=37056, stack(0x000000ed03c00000,0x000000ed03d00000) (1024K)]
  0x0000023bc34050f0 JavaThread "Compiler Processing Task"   daemon [_thread_blocked, id=40372, stack(0x000000ed03d00000,0x000000ed03e00000) (1024K)]
  0x0000023bc34043d0 JavaThread "Compiler Class File Writer" daemon [_thread_blocked, id=27456, stack(0x000000ed03e00000,0x000000ed03f00000) (1024K)]
  0x0000023bc34064a0 JavaThread "Compiler Class File Writer" daemon [_thread_blocked, id=22696, stack(0x000000ed03f00000,0x000000ed04000000) (1024K)]
  0x0000023bc3404a60 JavaThread "Compiler Class File Writer" daemon [_thread_blocked, id=37664, stack(0x000000ed04000000,0x000000ed04100000) (1024K)]
  0x0000023bc34036b0 JavaThread "Compiler Class File Writer" daemon [_thread_blocked, id=35864, stack(0x000000ed04100000,0x000000ed04200000) (1024K)]
  0x0000023bc34071c0 JavaThread "LocalFile Deleter"          daemon [_thread_blocked, id=37112, stack(0x000000ed04200000,0x000000ed04300000) (1024K)]
  0x0000023bc3405780 JavaThread "LocalFile Deleter"          daemon [_thread_blocked, id=35928, stack(0x000000ed04300000,0x000000ed04400000) (1024K)]
  0x0000023bc3405e10 JavaThread "LocalFile Deleter"          daemon [_thread_blocked, id=26464, stack(0x000000ed04400000,0x000000ed04500000) (1024K)]
  0x0000023bc3407850 JavaThread "Compiler Source File Reader" daemon [_thread_blocked, id=37916, stack(0x000000ed04500000,0x000000ed04600000) (1024K)]
  0x0000023bc3407ee0 JavaThread "Compiler Source File Reader" daemon [_thread_blocked, id=32252, stack(0x000000ed04600000,0x000000ed04700000) (1024K)]
  0x0000023bc2650ed0 JavaThread "Compiler Source File Reader" daemon [_thread_blocked, id=14184, stack(0x000000ed04700000,0x000000ed04800000) (1024K)]
  0x0000023bc2650840 JavaThread "Compiler Source File Reader" daemon [_thread_blocked, id=4936, stack(0x000000ed04800000,0x000000ed04900000) (1024K)]
  0x0000023bc2651560 JavaThread "Compiler Source File Reader" daemon [_thread_blocked, id=10856, stack(0x000000ed04900000,0x000000ed04a00000) (1024K)]
  0x0000023bc2651bf0 JavaThread "Compiler Source File Reader" daemon [_thread_blocked, id=30592, stack(0x000000ed04a00000,0x000000ed04b00000) (1024K)]
  0x0000023bc2652280 JavaThread "Compiler Source File Reader" daemon [_thread_blocked, id=36292, stack(0x000000ed04b00000,0x000000ed04c00000) (1024K)]
  0x0000023bc26501b0 JavaThread "Compiler Class File Writer" daemon [_thread_blocked, id=23860, stack(0x000000ed04c00000,0x000000ed04d00000) (1024K)]
  0x0000023bc2655d90 JavaThread "Compiler Class File Writer" daemon [_thread_blocked, id=4336, stack(0x000000ed04d00000,0x000000ed04e00000) (1024K)]
  0x0000023bc2652910 JavaThread "Compiler Class File Writer" daemon [_thread_blocked, id=11756, stack(0x000000ed04e00000,0x000000ed04f00000) (1024K)]
  0x0000023bc2654350 JavaThread "Compiler Class File Writer" daemon [_thread_blocked, id=43512, stack(0x000000ed04f00000,0x000000ed05000000) (1024K)]
  0x0000023bc26549e0 JavaThread "Compiler Class File Writer" daemon [_thread_blocked, id=22272, stack(0x000000ed05000000,0x000000ed05100000) (1024K)]
  0x0000023bc2655070 JavaThread "Compiler Class File Writer" daemon [_thread_blocked, id=36560, stack(0x000000ed05100000,0x000000ed05200000) (1024K)]
  0x0000023bc2652fa0 JavaThread "Compiler Class File Writer" daemon [_thread_blocked, id=33312, stack(0x000000ed05200000,0x000000ed05300000) (1024K)]
  0x0000023bc2656ab0 JavaThread "LocalFile Deleter"          daemon [_thread_blocked, id=45360, stack(0x000000ed05400000,0x000000ed05500000) (1024K)]
  0x0000023bc2653630 JavaThread "LocalFile Deleter"          daemon [_thread_blocked, id=45668, stack(0x000000ed05500000,0x000000ed05600000) (1024K)]
  0x0000023bc2657140 JavaThread "LocalFile Deleter"          daemon [_thread_blocked, id=47040, stack(0x000000ed05600000,0x000000ed05700000) (1024K)]
  0x0000023bc2653cc0 JavaThread "LocalFile Deleter"          daemon [_thread_blocked, id=47036, stack(0x000000ed05700000,0x000000ed05800000) (1024K)]
  0x0000023bc2655700 JavaThread "Compiler Source File Reader" daemon [_thread_blocked, id=47032, stack(0x000000ed05800000,0x000000ed05900000) (1024K)]
  0x0000023bc26577d0 JavaThread "Compiler Source File Reader" daemon [_thread_blocked, id=29796, stack(0x000000ed05900000,0x000000ed05a00000) (1024K)]
  0x0000023bc35385a0 JavaThread "Compiler Source File Reader" daemon [_thread_blocked, id=47016, stack(0x000000ed05a00000,0x000000ed05b00000) (1024K)]
  0x0000023bc353c0b0 JavaThread "Compiler Source File Reader" daemon [_thread_blocked, id=46068, stack(0x000000ed05b00000,0x000000ed05c00000) (1024K)]
  0x0000023bc353ba20 JavaThread "Compiler Class File Writer" daemon [_thread_blocked, id=46012, stack(0x000000ed05c00000,0x000000ed05d00000) (1024K)]
  0x0000023bc3539fe0 JavaThread "Compiler Class File Writer" daemon [_thread_blocked, id=47060, stack(0x000000ed05d00000,0x000000ed05e00000) (1024K)]
  0x0000023bc3539950 JavaThread "Compiler Class File Writer" daemon [_thread_blocked, id=45208, stack(0x000000ed05e00000,0x000000ed05f00000) (1024K)]
  0x0000023bc353eea0 JavaThread "ForkJoinPool.commonPool-worker-1" daemon [_thread_blocked, id=37152, stack(0x000000ed01200000,0x000000ed01300000) (1024K)]
  0x0000023bc353cdd0 JavaThread "ForkJoinPool.commonPool-worker-2" daemon [_thread_blocked, id=40604, stack(0x000000ed01800000,0x000000ed01900000) (1024K)]
  0x0000023bc353e810 JavaThread "ForkJoinPool.commonPool-worker-3" daemon [_thread_blocked, id=2396, stack(0x000000ed05300000,0x000000ed05400000) (1024K)]
  0x0000023bc353fbc0 JavaThread "ForkJoinPool.commonPool-worker-4" daemon [_thread_blocked, id=46124, stack(0x000000ed05f00000,0x000000ed06000000) (1024K)]
  0x0000023bc353d460 JavaThread "ForkJoinPool.commonPool-worker-5" daemon [_thread_blocked, id=5648, stack(0x000000ed06000000,0x000000ed06100000) (1024K)]
  0x0000023bc353f530 JavaThread "ForkJoinPool.commonPool-worker-6" daemon [_thread_blocked, id=46136, stack(0x000000ed06100000,0x000000ed06200000) (1024K)]
  0x0000023bc36dbd30 JavaThread "ForkJoinPool.commonPool-worker-7" daemon [_thread_blocked, id=46904, stack(0x000000ed06200000,0x000000ed06300000) (1024K)]
  0x0000023bc36dc3c0 JavaThread "ForkJoinPool.commonPool-worker-8" daemon [_thread_blocked, id=44100, stack(0x000000ed06300000,0x000000ed06400000) (1024K)]
  0x0000023bc36db010 JavaThread "ForkJoinPool.commonPool-worker-9" daemon [_thread_blocked, id=21700, stack(0x000000ed06400000,0x000000ed06500000) (1024K)]
  0x0000023bc36dca50 JavaThread "ForkJoinPool.commonPool-worker-10" daemon [_thread_blocked, id=31504, stack(0x000000ed06500000,0x000000ed06600000) (1024K)]
  0x0000023bc36dd770 JavaThread "ForkJoinPool.commonPool-worker-11" daemon [_thread_blocked, id=25392, stack(0x000000ed06600000,0x000000ed06700000) (1024K)]
  0x0000023bc36de490 JavaThread "ForkJoinPool.commonPool-worker-12" daemon [_thread_blocked, id=3816, stack(0x000000ed06700000,0x000000ed06800000) (1024K)]
  0x0000023bc36dd0e0 JavaThread "ForkJoinPool.commonPool-worker-13" daemon [_thread_blocked, id=16424, stack(0x000000ed06800000,0x000000ed06900000) (1024K)]
  0x0000023bc36dde00 JavaThread "ForkJoinPool.commonPool-worker-14" daemon [_thread_blocked, id=17416, stack(0x000000ed06900000,0x000000ed06a00000) (1024K)]
  0x0000023bc36db6a0 JavaThread "ForkJoinPool.commonPool-worker-15" daemon [_thread_blocked, id=45644, stack(0x000000ed06a00000,0x000000ed06b00000) (1024K)]
  0x0000023bc36e1280 JavaThread "Cleaner-0"                  daemon [_thread_blocked, id=16612, stack(0x000000ed06b00000,0x000000ed06c00000) (1024K)]
  0x0000023bc36deb20 JavaThread "Worker-6"                          [_thread_blocked, id=19248, stack(0x000000ed06d00000,0x000000ed06e00000) (1024K)]
  0x0000023bc30f8690 JavaThread "C1 CompilerThread1"         daemon [_thread_blocked, id=42560, stack(0x000000ed06c00000,0x000000ed06d00000) (1024K)]
=>0x0000023bc30f56e0 JavaThread "C2 CompilerThread1"         daemon [_thread_in_native, id=47048, stack(0x000000ed00f00000,0x000000ed01000000) (1024K)]
Total: 110

Other Threads:
  0x0000023bf4fd23e0 VMThread "VM Thread"                           [id=46840, stack(0x000000ed7f100000,0x000000ed7f200000) (1024K)]
  0x0000023bf4ecca00 WatcherThread "VM Periodic Task Thread"        [id=46832, stack(0x000000ed7f000000,0x000000ed7f100000) (1024K)]
  0x0000023bde572670 WorkerThread "GC Thread#0"                     [id=46816, stack(0x000000ed7ef00000,0x000000ed7f000000) (1024K)]
  0x0000023bf66f0c70 WorkerThread "GC Thread#1"                     [id=2456, stack(0x000000ed7fc00000,0x000000ed7fd00000) (1024K)]
  0x0000023bfc00fcf0 WorkerThread "GC Thread#2"                     [id=13156, stack(0x000000ed7fd00000,0x000000ed7fe00000) (1024K)]
  0x0000023bfc00a990 WorkerThread "GC Thread#3"                     [id=25500, stack(0x000000ed7fe00000,0x000000ed7ff00000) (1024K)]
  0x0000023bfc00ad30 WorkerThread "GC Thread#4"                     [id=45176, stack(0x000000ed7ff00000,0x000000ed80000000) (1024K)]
  0x0000023bfc3d6170 WorkerThread "GC Thread#5"                     [id=45348, stack(0x000000ed00000000,0x000000ed00100000) (1024K)]
  0x0000023bfc3d6510 WorkerThread "GC Thread#6"                     [id=45592, stack(0x000000ed00100000,0x000000ed00200000) (1024K)]
  0x0000023bfc7b9690 WorkerThread "GC Thread#7"                     [id=27896, stack(0x000000ed00400000,0x000000ed00500000) (1024K)]
  0x0000023bfc942970 WorkerThread "GC Thread#8"                     [id=33620, stack(0x000000ed00700000,0x000000ed00800000) (1024K)]
  0x0000023bfcd69420 WorkerThread "GC Thread#9"                     [id=1720, stack(0x000000ed00800000,0x000000ed00900000) (1024K)]
  0x0000023bfcd685a0 WorkerThread "GC Thread#10"                    [id=19360, stack(0x000000ed00900000,0x000000ed00a00000) (1024K)]
  0x0000023bfcd68940 WorkerThread "GC Thread#11"                    [id=22160, stack(0x000000ed00c00000,0x000000ed00d00000) (1024K)]
  0x0000023bfcd68ce0 WorkerThread "GC Thread#12"                    [id=46828, stack(0x000000ed01000000,0x000000ed01100000) (1024K)]
Total: 15

Threads with active compile tasks:
C2 CompilerThread0  53181 17617       4       org.apache.maven.repository.internal.ArtifactDescriptorReaderDelegate::populateResult (426 bytes)
C2 CompilerThread1  53181 17569       4       org.eclipse.jdt.internal.compiler.lookup.BinaryTypeBinding::createMethod (1666 bytes)
Total: 2

VM state: not at safepoint (normal execution)

VM Mutex/Monitor currently owned by a thread: None

Heap address: 0x0000000080000000, size: 2048 MB, Compressed Oops mode: 32-bit

CDS archive(s) mapped at: [0x0000023b80000000-0x0000023b80ba0000-0x0000023b80ba0000), size 12189696, SharedBaseAddress: 0x0000023b80000000, ArchiveRelocationMode: 1.
Compressed class space mapped at: 0x0000023b81000000-0x0000023bc1000000, reserved size: 1073741824
Narrow klass base: 0x0000023b80000000, Narrow klass shift: 0, Narrow klass range: 0x100000000

GC Precious Log:
 CardTable entry size: 512
 CPUs: 16 total, 16 available
 Memory: 16053M
 Large Page Support: Disabled
 NUMA Support: Disabled
 Compressed Oops: Enabled (32-bit)
 Alignments: Space 512K, Generation 512K, Heap 2M
 Heap Min Capacity: 100M
 Heap Initial Capacity: 100M
 Heap Max Capacity: 2G
 Pre-touch: Disabled
 Parallel Workers: 13

Heap:
 PSYoungGen      total 4608K, used 2038K [0x00000000d5580000, 0x00000000d5e00000, 0x0000000100000000)
  eden space 4096K, 40% used [0x00000000d5580000,0x00000000d571db38,0x00000000d5980000)
  from space 512K, 75% used [0x00000000d5d80000,0x00000000d5de0000,0x00000000d5e00000)
  to   space 512K, 0% used [0x00000000d5d00000,0x00000000d5d00000,0x00000000d5d80000)
 ParOldGen       total 291840K, used 208650K [0x0000000080000000, 0x0000000091d00000, 0x00000000d5580000)
  object space 291840K, 71% used [0x0000000080000000,0x000000008cbc28e8,0x0000000091d00000)
 Metaspace       used 73411K, committed 75008K, reserved 1179648K
  class space    used 7430K, committed 8128K, reserved 1048576K

Card table byte_map: [0x0000023bddf20000,0x0000023bde330000] _byte_map_base: 0x0000023bddb20000

Marking Bits: (ParMarkBitMap*) 0x00007ffa04aaa340
 Begin Bits: [0x0000023bf09f0000, 0x0000023bf29f0000)
 End Bits:   [0x0000023bf29f0000, 0x0000023bf49f0000)

Polling page: 0x0000023bddd10000

Metaspace:

Usage:
  Non-class:     64.43 MB used.
      Class:      7.26 MB used.
       Both:     71.69 MB used.

Virtual space:
  Non-class space:      128.00 MB reserved,      65.31 MB ( 51%) committed,  2 nodes.
      Class space:        1.00 GB reserved,       7.94 MB ( <1%) committed,  1 nodes.
             Both:        1.12 GB reserved,      73.25 MB (  6%) committed. 

Chunk freelists:
   Non-Class:  14.53 MB
       Class:  7.96 MB
        Both:  22.49 MB

MaxMetaspaceSize: unlimited
CompressedClassSpaceSize: 1.00 GB
Initial GC threshold: 21.00 MB
Current GC threshold: 121.25 MB
CDS: on
 - commit_granule_bytes: 65536.
 - commit_granule_words: 8192.
 - virtual_space_node_default_size: 8388608.
 - enlarge_chunks_in_place: 1.
 - use_allocation_guard: 0.


Internal statistics:

num_allocs_failed_limit: 9.
num_arena_births: 1406.
num_arena_deaths: 20.
num_vsnodes_births: 3.
num_vsnodes_deaths: 0.
num_space_committed: 1175.
num_space_uncommitted: 3.
num_chunks_returned_to_freelist: 63.
num_chunks_taken_from_freelist: 5146.
num_chunk_merges: 17.
num_chunk_splits: 3034.
num_chunks_enlarged: 1562.
num_inconsistent_stats: 0.

CodeHeap 'non-profiled nmethods': size=119168Kb used=16359Kb max_used=16359Kb free=102808Kb
 bounds [0x0000023be92e0000, 0x0000023bea2e0000, 0x0000023bf0740000]
CodeHeap 'profiled nmethods': size=119104Kb used=38887Kb max_used=39507Kb free=80216Kb
 bounds [0x0000023be1740000, 0x0000023be3df0000, 0x0000023be8b90000]
CodeHeap 'non-nmethods': size=7488Kb used=2023Kb max_used=3207Kb free=5464Kb
 bounds [0x0000023be8b90000, 0x0000023be8ec0000, 0x0000023be92e0000]
CodeCache: size=245760Kb, used=57269Kb, max_used=59073Kb, free=188488Kb
 total_blobs=16766, nmethods=15984, adapters=684, full_count=0
Compilation: enabled, stopped_count=0, restarted_count=0

Compilation events (20 events):
Event: 52.032 Thread 0x0000023bf63bcb60 nmethod 17553 0x0000023bea2c9e10 code [0x0000023bea2ca3a0, 0x0000023bea2cfe68]
Event: 52.036 Thread 0x0000023bf63bcb60 17571       4       org.eclipse.jdt.internal.core.builder.NameEnvironment::findClass (486 bytes)
Event: 52.038 Thread 0x0000023bf63be4f0 17623       3       org.apache.maven.plugin.internal.WagonExcluder::deriveChildSelector (34 bytes)
Event: 52.038 Thread 0x0000023bf63be4f0 nmethod 17623 0x0000023be27a3810 code [0x0000023be27a39e0, 0x0000023be27a3d60]
Event: 52.112 Thread 0x0000023bf63be4f0 17624       3       com.google.common.cache.LocalCache::usesAccessQueue (20 bytes)
Event: 52.113 Thread 0x0000023bf63bcb60 nmethod 17571 0x0000023bea2d5790 code [0x0000023bea2d5b00, 0x0000023bea2d7a28]
Event: 52.113 Thread 0x0000023bf63be4f0 nmethod 17624 0x0000023be28e9210 code [0x0000023be28e93c0, 0x0000023be28e96c0]
Event: 52.113 Thread 0x0000023bf63bcb60 17617       4       org.apache.maven.repository.internal.ArtifactDescriptorReaderDelegate::populateResult (426 bytes)
Event: 52.123 Thread 0x0000023bf63be4f0 17628       3       org.codehaus.plexus.classworlds.realm.ClassRealm::findClassInternal (6 bytes)
Event: 52.123 Thread 0x0000023bc30f8d60 17627       3       org.codehaus.plexus.classworlds.realm.ClassRealm::getClassRealmLoadingLock (14 bytes)
Event: 52.123 Thread 0x0000023bc30f8d60 nmethod 17627 0x0000023be274db10 code [0x0000023be274dcc0, 0x0000023be274de90]
Event: 52.123 Thread 0x0000023bf63be4f0 nmethod 17628 0x0000023be1845590 code [0x0000023be1845740, 0x0000023be1845880]
Event: 53.086 Thread 0x0000023bf63be4f0 17629       3       org.eclipse.jdt.internal.core.JavaElement::getChildren (26 bytes)
Event: 53.086 Thread 0x0000023bf63be4f0 nmethod 17629 0x0000023be28e8a90 code [0x0000023be28e8c60, 0x0000023be28e9138]
Event: 53.087 Thread 0x0000023bc30f8690 17630       3       org.eclipse.core.internal.resources.Resource::isAccessible (5 bytes)
Event: 53.087 Thread 0x0000023bc30f8690 nmethod 17630 0x0000023be20c4090 code [0x0000023be20c4280, 0x0000023be20c48e8]
Event: 53.087 Thread 0x0000023bf63be4f0 17631       3       org.eclipse.core.internal.content.ContentType::isAlias (11 bytes)
Event: 53.087 Thread 0x0000023bf63be4f0 nmethod 17631 0x0000023be265d210 code [0x0000023be265d3c0, 0x0000023be265d530]
Event: 53.088 Thread 0x0000023bf63be4f0 17632       3       org.eclipse.core.internal.content.ContentType::isValid (12 bytes)
Event: 53.088 Thread 0x0000023bf63be4f0 nmethod 17632 0x0000023be27a3410 code [0x0000023be27a35c0, 0x0000023be27a3738]

GC Heap History (20 events):
Event: 51.135 GC heap before
{Heap before GC invocations=630 (full 4):
 PSYoungGen      total 5120K, used 4628K [0x00000000d5580000, 0x00000000d5b80000, 0x0000000100000000)
  eden space 4096K, 98% used [0x00000000d5580000,0x00000000d5971188,0x00000000d5980000)
  from space 1024K, 57% used [0x00000000d5980000,0x00000000d5a14010,0x00000000d5a80000)
  to   space 1024K, 0% used [0x00000000d5a80000,0x00000000d5a80000,0x00000000d5b80000)
 ParOldGen       total 291840K, used 203503K [0x0000000080000000, 0x0000000091d00000, 0x00000000d5580000)
  object space 291840K, 69% used [0x0000000080000000,0x000000008c6bbdf8,0x0000000091d00000)
 Metaspace       used 72933K, committed 74624K, reserved 1179648K
  class space    used 7379K, committed 8128K, reserved 1048576K
}
Event: 51.136 GC heap after
{Heap after GC invocations=630 (full 4):
 PSYoungGen      total 4608K, used 384K [0x00000000d5580000, 0x00000000d5b00000, 0x0000000100000000)
  eden space 4096K, 0% used [0x00000000d5580000,0x00000000d5580000,0x00000000d5980000)
  from space 512K, 75% used [0x00000000d5a80000,0x00000000d5ae0000,0x00000000d5b00000)
  to   space 512K, 0% used [0x00000000d5a00000,0x00000000d5a00000,0x00000000d5a80000)
 ParOldGen       total 291840K, used 203847K [0x0000000080000000, 0x0000000091d00000, 0x00000000d5580000)
  object space 291840K, 69% used [0x0000000080000000,0x000000008c711e08,0x0000000091d00000)
 Metaspace       used 72933K, committed 74624K, reserved 1179648K
  class space    used 7379K, committed 8128K, reserved 1048576K
}
Event: 51.333 GC heap before
{Heap before GC invocations=631 (full 4):
 PSYoungGen      total 4608K, used 4480K [0x00000000d5580000, 0x00000000d5b00000, 0x0000000100000000)
  eden space 4096K, 100% used [0x00000000d5580000,0x00000000d5980000,0x00000000d5980000)
  from space 512K, 75% used [0x00000000d5a80000,0x00000000d5ae0000,0x00000000d5b00000)
  to   space 512K, 0% used [0x00000000d5a00000,0x00000000d5a00000,0x00000000d5a80000)
 ParOldGen       total 291840K, used 203847K [0x0000000080000000, 0x0000000091d00000, 0x00000000d5580000)
  object space 291840K, 69% used [0x0000000080000000,0x000000008c711e08,0x0000000091d00000)
 Metaspace       used 73039K, committed 74688K, reserved 1179648K
  class space    used 7392K, committed 8128K, reserved 1048576K
}
Event: 51.334 GC heap after
{Heap after GC invocations=631 (full 4):
 PSYoungGen      total 4608K, used 416K [0x00000000d5580000, 0x00000000d5b00000, 0x0000000100000000)
  eden space 4096K, 0% used [0x00000000d5580000,0x00000000d5580000,0x00000000d5980000)
  from space 512K, 81% used [0x00000000d5a00000,0x00000000d5a68000,0x00000000d5a80000)
  to   space 512K, 0% used [0x00000000d5a80000,0x00000000d5a80000,0x00000000d5b00000)
 ParOldGen       total 291840K, used 204055K [0x0000000080000000, 0x0000000091d00000, 0x00000000d5580000)
  object space 291840K, 69% used [0x0000000080000000,0x000000008c745e08,0x0000000091d00000)
 Metaspace       used 73039K, committed 74688K, reserved 1179648K
  class space    used 7392K, committed 8128K, reserved 1048576K
}
Event: 51.449 GC heap before
{Heap before GC invocations=632 (full 4):
 PSYoungGen      total 4608K, used 4512K [0x00000000d5580000, 0x00000000d5b00000, 0x0000000100000000)
  eden space 4096K, 100% used [0x00000000d5580000,0x00000000d5980000,0x00000000d5980000)
  from space 512K, 81% used [0x00000000d5a00000,0x00000000d5a68000,0x00000000d5a80000)
  to   space 512K, 0% used [0x00000000d5a80000,0x00000000d5a80000,0x00000000d5b00000)
 ParOldGen       total 291840K, used 204055K [0x0000000080000000, 0x0000000091d00000, 0x00000000d5580000)
  object space 291840K, 69% used [0x0000000080000000,0x000000008c745e08,0x0000000091d00000)
 Metaspace       used 73121K, committed 74752K, reserved 1179648K
  class space    used 7404K, committed 8128K, reserved 1048576K
}
Event: 51.451 GC heap after
{Heap after GC invocations=632 (full 4):
 PSYoungGen      total 4608K, used 416K [0x00000000d5580000, 0x00000000d5b00000, 0x0000000100000000)
  eden space 4096K, 0% used [0x00000000d5580000,0x00000000d5580000,0x00000000d5980000)
  from space 512K, 81% used [0x00000000d5a80000,0x00000000d5ae8000,0x00000000d5b00000)
  to   space 512K, 0% used [0x00000000d5a00000,0x00000000d5a00000,0x00000000d5a80000)
 ParOldGen       total 291840K, used 204231K [0x0000000080000000, 0x0000000091d00000, 0x00000000d5580000)
  object space 291840K, 69% used [0x0000000080000000,0x000000008c771e08,0x0000000091d00000)
 Metaspace       used 73121K, committed 74752K, reserved 1179648K
  class space    used 7404K, committed 8128K, reserved 1048576K
}
Event: 51.677 GC heap before
{Heap before GC invocations=633 (full 4):
 PSYoungGen      total 4608K, used 4511K [0x00000000d5580000, 0x00000000d5b00000, 0x0000000100000000)
  eden space 4096K, 99% used [0x00000000d5580000,0x00000000d597fff0,0x00000000d5980000)
  from space 512K, 81% used [0x00000000d5a80000,0x00000000d5ae8000,0x00000000d5b00000)
  to   space 512K, 0% used [0x00000000d5a00000,0x00000000d5a00000,0x00000000d5a80000)
 ParOldGen       total 291840K, used 204231K [0x0000000080000000, 0x0000000091d00000, 0x00000000d5580000)
  object space 291840K, 69% used [0x0000000080000000,0x000000008c771e08,0x0000000091d00000)
 Metaspace       used 73131K, committed 74752K, reserved 1179648K
  class space    used 7404K, committed 8128K, reserved 1048576K
}
Event: 51.679 GC heap after
{Heap after GC invocations=633 (full 4):
 PSYoungGen      total 4608K, used 400K [0x00000000d5580000, 0x00000000d5b00000, 0x0000000100000000)
  eden space 4096K, 0% used [0x00000000d5580000,0x00000000d5580000,0x00000000d5980000)
  from space 512K, 78% used [0x00000000d5a00000,0x00000000d5a64010,0x00000000d5a80000)
  to   space 512K, 0% used [0x00000000d5a80000,0x00000000d5a80000,0x00000000d5b00000)
 ParOldGen       total 291840K, used 204327K [0x0000000080000000, 0x0000000091d00000, 0x00000000d5580000)
  object space 291840K, 70% used [0x0000000080000000,0x000000008c789e28,0x0000000091d00000)
 Metaspace       used 73131K, committed 74752K, reserved 1179648K
  class space    used 7404K, committed 8128K, reserved 1048576K
}
Event: 51.842 GC heap before
{Heap before GC invocations=634 (full 4):
 PSYoungGen      total 4608K, used 4409K [0x00000000d5580000, 0x00000000d5b00000, 0x0000000100000000)
  eden space 4096K, 97% used [0x00000000d5580000,0x00000000d596a460,0x00000000d5980000)
  from space 512K, 78% used [0x00000000d5a00000,0x00000000d5a64010,0x00000000d5a80000)
  to   space 512K, 0% used [0x00000000d5a80000,0x00000000d5a80000,0x00000000d5b00000)
 ParOldGen       total 291840K, used 204327K [0x0000000080000000, 0x0000000091d00000, 0x00000000d5580000)
  object space 291840K, 70% used [0x0000000080000000,0x000000008c789e28,0x0000000091d00000)
 Metaspace       used 73135K, committed 74752K, reserved 1179648K
  class space    used 7404K, committed 8128K, reserved 1048576K
}
Event: 51.843 GC heap after
{Heap after GC invocations=634 (full 4):
 PSYoungGen      total 4608K, used 503K [0x00000000d5580000, 0x00000000d5b80000, 0x0000000100000000)
  eden space 4096K, 0% used [0x00000000d5580000,0x00000000d5580000,0x00000000d5980000)
  from space 512K, 98% used [0x00000000d5a80000,0x00000000d5afdda0,0x00000000d5b00000)
  to   space 1024K, 0% used [0x00000000d5980000,0x00000000d5980000,0x00000000d5a80000)
 ParOldGen       total 291840K, used 204471K [0x0000000080000000, 0x0000000091d00000, 0x00000000d5580000)
  object space 291840K, 70% used [0x0000000080000000,0x000000008c7ade48,0x0000000091d00000)
 Metaspace       used 73135K, committed 74752K, reserved 1179648K
  class space    used 7404K, committed 8128K, reserved 1048576K
}
Event: 51.862 GC heap before
{Heap before GC invocations=635 (full 4):
 PSYoungGen      total 4608K, used 4599K [0x00000000d5580000, 0x00000000d5b80000, 0x0000000100000000)
  eden space 4096K, 100% used [0x00000000d5580000,0x00000000d5980000,0x00000000d5980000)
  from space 512K, 98% used [0x00000000d5a80000,0x00000000d5afdda0,0x00000000d5b00000)
  to   space 1024K, 0% used [0x00000000d5980000,0x00000000d5980000,0x00000000d5a80000)
 ParOldGen       total 291840K, used 204471K [0x0000000080000000, 0x0000000091d00000, 0x00000000d5580000)
  object space 291840K, 70% used [0x0000000080000000,0x000000008c7ade48,0x0000000091d00000)
 Metaspace       used 73135K, committed 74752K, reserved 1179648K
  class space    used 7404K, committed 8128K, reserved 1048576K
}
Event: 51.864 GC heap after
{Heap after GC invocations=635 (full 4):
 PSYoungGen      total 5120K, used 995K [0x00000000d5580000, 0x00000000d6280000, 0x0000000100000000)
  eden space 4096K, 0% used [0x00000000d5580000,0x00000000d5580000,0x00000000d5980000)
  from space 1024K, 97% used [0x00000000d5980000,0x00000000d5a78d80,0x00000000d5a80000)
  to   space 4608K, 0% used [0x00000000d5e00000,0x00000000d5e00000,0x00000000d6280000)
 ParOldGen       total 291840K, used 207474K [0x0000000080000000, 0x0000000091d00000, 0x00000000d5580000)
  object space 291840K, 71% used [0x0000000080000000,0x000000008ca9c8a8,0x0000000091d00000)
 Metaspace       used 73135K, committed 74752K, reserved 1179648K
  class space    used 7404K, committed 8128K, reserved 1048576K
}
Event: 51.982 GC heap before
{Heap before GC invocations=636 (full 4):
 PSYoungGen      total 5120K, used 5091K [0x00000000d5580000, 0x00000000d6280000, 0x0000000100000000)
  eden space 4096K, 100% used [0x00000000d5580000,0x00000000d5980000,0x00000000d5980000)
  from space 1024K, 97% used [0x00000000d5980000,0x00000000d5a78d80,0x00000000d5a80000)
  to   space 4608K, 0% used [0x00000000d5e00000,0x00000000d5e00000,0x00000000d6280000)
 ParOldGen       total 291840K, used 207474K [0x0000000080000000, 0x0000000091d00000, 0x00000000d5580000)
  object space 291840K, 71% used [0x0000000080000000,0x000000008ca9c8a8,0x0000000091d00000)
 Metaspace       used 73201K, committed 74816K, reserved 1179648K
  class space    used 7404K, committed 8128K, reserved 1048576K
}
Event: 51.983 GC heap after
{Heap after GC invocations=636 (full 4):
 PSYoungGen      total 5120K, used 672K [0x00000000d5580000, 0x00000000d5f00000, 0x0000000100000000)
  eden space 4096K, 0% used [0x00000000d5580000,0x00000000d5580000,0x00000000d5980000)
  from space 1024K, 65% used [0x00000000d5e00000,0x00000000d5ea8000,0x00000000d5f00000)
  to   space 2048K, 0% used [0x00000000d5b00000,0x00000000d5b00000,0x00000000d5d00000)
 ParOldGen       total 291840K, used 207594K [0x0000000080000000, 0x0000000091d00000, 0x00000000d5580000)
  object space 291840K, 71% used [0x0000000080000000,0x000000008caba8a8,0x0000000091d00000)
 Metaspace       used 73201K, committed 74816K, reserved 1179648K
  class space    used 7404K, committed 8128K, reserved 1048576K
}
Event: 52.005 GC heap before
{Heap before GC invocations=637 (full 4):
 PSYoungGen      total 5120K, used 4768K [0x00000000d5580000, 0x00000000d5f00000, 0x0000000100000000)
  eden space 4096K, 100% used [0x00000000d5580000,0x00000000d5980000,0x00000000d5980000)
  from space 1024K, 65% used [0x00000000d5e00000,0x00000000d5ea8000,0x00000000d5f00000)
  to   space 2048K, 0% used [0x00000000d5b00000,0x00000000d5b00000,0x00000000d5d00000)
 ParOldGen       total 291840K, used 207594K [0x0000000080000000, 0x0000000091d00000, 0x00000000d5580000)
  object space 291840K, 71% used [0x0000000080000000,0x000000008caba8a8,0x0000000091d00000)
 Metaspace       used 73202K, committed 74816K, reserved 1179648K
  class space    used 7404K, committed 8128K, reserved 1048576K
}
Event: 52.007 GC heap after
{Heap after GC invocations=637 (full 4):
 PSYoungGen      total 6144K, used 512K [0x00000000d5580000, 0x00000000d5e80000, 0x0000000100000000)
  eden space 4096K, 0% used [0x00000000d5580000,0x00000000d5580000,0x00000000d5980000)
  from space 2048K, 25% used [0x00000000d5b00000,0x00000000d5b80020,0x00000000d5d00000)
  to   space 1024K, 0% used [0x00000000d5d80000,0x00000000d5d80000,0x00000000d5e80000)
 ParOldGen       total 291840K, used 208122K [0x0000000080000000, 0x0000000091d00000, 0x00000000d5580000)
  object space 291840K, 71% used [0x0000000080000000,0x000000008cb3e8e8,0x0000000091d00000)
 Metaspace       used 73202K, committed 74816K, reserved 1179648K
  class space    used 7404K, committed 8128K, reserved 1048576K
}
Event: 52.020 GC heap before
{Heap before GC invocations=638 (full 4):
 PSYoungGen      total 6144K, used 4592K [0x00000000d5580000, 0x00000000d5e80000, 0x0000000100000000)
  eden space 4096K, 99% used [0x00000000d5580000,0x00000000d597c368,0x00000000d5980000)
  from space 2048K, 25% used [0x00000000d5b00000,0x00000000d5b80020,0x00000000d5d00000)
  to   space 1024K, 0% used [0x00000000d5d80000,0x00000000d5d80000,0x00000000d5e80000)
 ParOldGen       total 291840K, used 208122K [0x0000000080000000, 0x0000000091d00000, 0x00000000d5580000)
  object space 291840K, 71% used [0x0000000080000000,0x000000008cb3e8e8,0x0000000091d00000)
 Metaspace       used 73202K, committed 74816K, reserved 1179648K
  class space    used 7404K, committed 8128K, reserved 1048576K
}
Event: 52.021 GC heap after
{Heap after GC invocations=638 (full 4):
 PSYoungGen      total 4608K, used 496K [0x00000000d5580000, 0x00000000d5e00000, 0x0000000100000000)
  eden space 4096K, 0% used [0x00000000d5580000,0x00000000d5580000,0x00000000d5980000)
  from space 512K, 96% used [0x00000000d5d80000,0x00000000d5dfc010,0x00000000d5e00000)
  to   space 1024K, 0% used [0x00000000d5c00000,0x00000000d5c00000,0x00000000d5d00000)
 ParOldGen       total 291840K, used 208290K [0x0000000080000000, 0x0000000091d00000, 0x00000000d5580000)
  object space 291840K, 71% used [0x0000000080000000,0x000000008cb688e8,0x0000000091d00000)
 Metaspace       used 73202K, committed 74816K, reserved 1179648K
  class space    used 7404K, committed 8128K, reserved 1048576K
}
Event: 52.058 GC heap before
{Heap before GC invocations=639 (full 4):
 PSYoungGen      total 4608K, used 4592K [0x00000000d5580000, 0x00000000d5e00000, 0x0000000100000000)
  eden space 4096K, 100% used [0x00000000d5580000,0x00000000d5980000,0x00000000d5980000)
  from space 512K, 96% used [0x00000000d5d80000,0x00000000d5dfc010,0x00000000d5e00000)
  to   space 1024K, 0% used [0x00000000d5c00000,0x00000000d5c00000,0x00000000d5d00000)
 ParOldGen       total 291840K, used 208290K [0x0000000080000000, 0x0000000091d00000, 0x00000000d5580000)
  object space 291840K, 71% used [0x0000000080000000,0x000000008cb688e8,0x0000000091d00000)
 Metaspace       used 73205K, committed 74816K, reserved 1179648K
  class space    used 7404K, committed 8128K, reserved 1048576K
}
Event: 52.059 GC heap after
{Heap after GC invocations=639 (full 4):
 PSYoungGen      total 5120K, used 384K [0x00000000d5580000, 0x00000000d5e00000, 0x0000000100000000)
  eden space 4096K, 0% used [0x00000000d5580000,0x00000000d5580000,0x00000000d5980000)
  from space 1024K, 37% used [0x00000000d5c00000,0x00000000d5c60000,0x00000000d5d00000)
  to   space 512K, 0% used [0x00000000d5d80000,0x00000000d5d80000,0x00000000d5e00000)
 ParOldGen       total 291840K, used 208490K [0x0000000080000000, 0x0000000091d00000, 0x00000000d5580000)
  object space 291840K, 71% used [0x0000000080000000,0x000000008cb9a8e8,0x0000000091d00000)
 Metaspace       used 73205K, committed 74816K, reserved 1179648K
  class space    used 7404K, committed 8128K, reserved 1048576K
}

Dll operation events (10 events):
Event: 0.053 Loaded shared library c:\Users\tanmengyang\.trae-cn\extensions\redhat.java-1.47.0-win32-x64\jre\21.0.8-win32-x86_64\bin\java.dll
Event: 0.163 Loaded shared library c:\Users\tanmengyang\.trae-cn\extensions\redhat.java-1.47.0-win32-x64\jre\21.0.8-win32-x86_64\bin\zip.dll
Event: 0.325 Loaded shared library C:\Users\tanmengyang\.trae-cn\extensions\redhat.java-1.47.0-win32-x64\jre\21.0.8-win32-x86_64\bin\instrument.dll
Event: 0.339 Loaded shared library C:\Users\tanmengyang\.trae-cn\extensions\redhat.java-1.47.0-win32-x64\jre\21.0.8-win32-x86_64\bin\net.dll
Event: 0.347 Loaded shared library C:\Users\tanmengyang\.trae-cn\extensions\redhat.java-1.47.0-win32-x64\jre\21.0.8-win32-x86_64\bin\nio.dll
Event: 0.353 Loaded shared library C:\Users\tanmengyang\.trae-cn\extensions\redhat.java-1.47.0-win32-x64\jre\21.0.8-win32-x86_64\bin\zip.dll
Event: 0.386 Loaded shared library C:\Users\tanmengyang\.trae-cn\extensions\redhat.java-1.47.0-win32-x64\jre\21.0.8-win32-x86_64\bin\jimage.dll
Event: 0.535 Loaded shared library c:\Users\tanmengyang\.trae-cn\extensions\redhat.java-1.47.0-win32-x64\jre\21.0.8-win32-x86_64\bin\verify.dll
Event: 2.972 Loaded shared library C:\Users\tanmengyang\AppData\Roaming\Trae CN\User\globalStorage\redhat.java\1.47.0\config_win\org.eclipse.equinox.launcher\org.eclipse.equinox.launcher.win32.win32.x86_64_1.2.1400.v20250801-0854\eclipse_11916.dll
Event: 5.547 Loaded shared library C:\Users\tanmengyang\AppData\Local\Temp\jna--1742008781\jna7267348009650591680.dll

Deoptimization events (20 events):
Event: 51.840 Thread 0x0000023bfd1e8d30 DEOPT PACKING pc=0x0000023be993df9c sp=0x000000ed014fe660
Event: 51.840 Thread 0x0000023bfd1e8d30 DEOPT UNPACKING pc=0x0000023be8be3aa2 sp=0x000000ed014fe3a8 mode 2
Event: 51.879 Thread 0x0000023bfd1e8d30 Uncommon trap: trap_request=0xffffff45 fr.pc=0x0000023be9be7950 relative=0x0000000000000550
Event: 51.879 Thread 0x0000023bfd1e8d30 Uncommon trap: reason=unstable_if action=reinterpret pc=0x0000023be9be7950 method=org.eclipse.jdt.internal.compiler.apt.model.Factory.newElement(Lorg/eclipse/jdt/internal/compiler/lookup/Binding;Ljavax/lang/model/element/ElementKind;)Ljavax/lang/model/ele
Event: 51.879 Thread 0x0000023bfd1e8d30 DEOPT PACKING pc=0x0000023be9be7950 sp=0x000000ed014fe560
Event: 51.879 Thread 0x0000023bfd1e8d30 DEOPT UNPACKING pc=0x0000023be8be3aa2 sp=0x000000ed014fe500 mode 2
Event: 51.900 Thread 0x0000023bc34050f0 DEOPT PACKING pc=0x0000023be3ddbc32 sp=0x000000ed03dfdbd0
Event: 51.900 Thread 0x0000023bc34050f0 DEOPT UNPACKING pc=0x0000023be8be4242 sp=0x000000ed03dfd148 mode 0
Event: 51.941 Thread 0x0000023bfd1e8d30 Uncommon trap: trap_request=0xffffff45 fr.pc=0x0000023be9fa545c relative=0x000000000000021c
Event: 51.941 Thread 0x0000023bfd1e8d30 Uncommon trap: reason=unstable_if action=reinterpret pc=0x0000023be9fa545c method=org.apache.maven.model.merge.ModelMerger$MergingList.iterator()Ljava/util/Iterator; @ 4 c2
Event: 51.941 Thread 0x0000023bfd1e8d30 DEOPT PACKING pc=0x0000023be9fa545c sp=0x000000ed014fe0a0
Event: 51.941 Thread 0x0000023bfd1e8d30 DEOPT UNPACKING pc=0x0000023be8be3aa2 sp=0x000000ed014fe048 mode 2
Event: 53.087 Thread 0x0000023bfd1e7980 Uncommon trap: trap_request=0xffffffc6 fr.pc=0x0000023be9461e60 relative=0x00000000000001c0
Event: 53.087 Thread 0x0000023bfd1e7980 Uncommon trap: reason=bimorphic_or_optimized_type_check action=maybe_recompile pc=0x0000023be9461e60 method=java.util.Collections.eq(Ljava/lang/Object;Ljava/lang/Object;)Z @ 18 c2
Event: 53.087 Thread 0x0000023bfd1e7980 DEOPT PACKING pc=0x0000023be9461e60 sp=0x000000ed01dfe2b0
Event: 53.087 Thread 0x0000023bfd1e7980 DEOPT UNPACKING pc=0x0000023be8be3aa2 sp=0x000000ed01dfe1e0 mode 2
Event: 53.088 Thread 0x0000023bfd1e7980 Uncommon trap: trap_request=0xffffffc6 fr.pc=0x0000023be9461e60 relative=0x00000000000001c0
Event: 53.088 Thread 0x0000023bfd1e7980 Uncommon trap: reason=bimorphic_or_optimized_type_check action=maybe_recompile pc=0x0000023be9461e60 method=java.util.Collections.eq(Ljava/lang/Object;Ljava/lang/Object;)Z @ 18 c2
Event: 53.088 Thread 0x0000023bfd1e7980 DEOPT PACKING pc=0x0000023be9461e60 sp=0x000000ed01dfe410
Event: 53.088 Thread 0x0000023bfd1e7980 DEOPT UNPACKING pc=0x0000023be8be3aa2 sp=0x000000ed01dfe340 mode 2

Classes loaded (20 events):
Event: 33.407 Loading class java/io/ObjectOutputStream$BlockDataOutputStream
Event: 33.408 Loading class java/io/ObjectOutputStream$BlockDataOutputStream done
Event: 33.408 Loading class java/io/ObjectOutputStream$HandleTable
Event: 33.408 Loading class java/io/ObjectOutputStream$HandleTable done
Event: 33.408 Loading class java/io/ObjectOutputStream$ReplaceTable
Event: 33.408 Loading class java/io/ObjectOutputStream$ReplaceTable done
Event: 35.432 Loading class java/io/BufferedReader$1
Event: 35.432 Loading class java/io/BufferedReader$1 done
Event: 51.331 Loading class org/xml/sax/SAXNotRecognizedException
Event: 51.332 Loading class org/xml/sax/SAXNotRecognizedException done
Event: 51.332 Loading class org/xml/sax/SAXNotSupportedException
Event: 51.332 Loading class org/xml/sax/SAXNotSupportedException done
Event: 51.335 Loading class com/sun/org/apache/xerces/internal/util/URI
Event: 51.336 Loading class com/sun/org/apache/xerces/internal/util/URI done
Event: 51.338 Loading class com/sun/org/apache/xerces/internal/xni/XNIException
Event: 51.339 Loading class com/sun/org/apache/xerces/internal/xni/XNIException done
Event: 51.342 Loading class com/sun/org/apache/xerces/internal/xni/parser/XMLParseException
Event: 51.343 Loading class com/sun/org/apache/xerces/internal/xni/parser/XMLParseException done
Event: 51.884 Loading class jdk/internal/module/IllegalAccessLogger
Event: 51.884 Loading class jdk/internal/module/IllegalAccessLogger done

Classes unloaded (20 events):
Event: 38.962 Thread 0x0000023bf4fd23e0 Unloading class 0x0000023b816f6000 'org/apache/maven/shared/filtering/DefaultMavenFileFilter'
Event: 38.962 Thread 0x0000023bf4fd23e0 Unloading class 0x0000023b816f5b68 'org/apache/maven/shared/filtering/DefaultMavenResourcesFiltering'
Event: 38.962 Thread 0x0000023bf4fd23e0 Unloading class 0x0000023b816f58b0 'org/codehaus/plexus/components/interactivity/DefaultInputHandler'
Event: 38.962 Thread 0x0000023bf4fd23e0 Unloading class 0x0000023b816f5638 'org/codehaus/plexus/components/interactivity/AbstractInputHandler'
Event: 38.962 Thread 0x0000023bf4fd23e0 Unloading class 0x0000023b816f53d8 'org/codehaus/plexus/components/interactivity/PrompterException'
Event: 38.962 Thread 0x0000023bf4fd23e0 Unloading class 0x0000023b816f5158 'org/codehaus/plexus/components/interactivity/DefaultPrompter'
Event: 38.962 Thread 0x0000023bf4fd23e0 Unloading class 0x0000023b816f4ed8 'org/codehaus/plexus/components/interactivity/DefaultOutputHandler'
Event: 38.962 Thread 0x0000023bf4fd23e0 Unloading class 0x0000023b816f4b40 'org/apache/maven/shared/filtering/MavenResourcesExecution'
Event: 38.962 Thread 0x0000023bf4fd23e0 Unloading class 0x0000023b816f4860 'org/apache/maven/shared/filtering/AbstractMavenFilteringRequest'
Event: 38.962 Thread 0x0000023bf4fd23e0 Unloading class 0x0000023b816f4600 'org/apache/maven/shared/filtering/MavenFilteringException'
Event: 38.962 Thread 0x0000023bf4fd23e0 Unloading class 0x0000023b816f4400 'org/apache/maven/shared/filtering/MavenResourcesFiltering'
Event: 38.962 Thread 0x0000023bf4fd23e0 Unloading class 0x0000023b816f4200 'org/apache/maven/shared/filtering/MavenFileFilter'
Event: 38.962 Thread 0x0000023bf4fd23e0 Unloading class 0x0000023b816f4000 'org/codehaus/plexus/components/interactivity/Prompter'
Event: 38.962 Thread 0x0000023bf4fd23e0 Unloading class 0x0000023b816ede00 'org/codehaus/plexus/components/interactivity/OutputHandler'
Event: 38.962 Thread 0x0000023bf4fd23e0 Unloading class 0x0000023b816edc00 'org/codehaus/plexus/components/interactivity/InputHandler'
Event: 38.962 Thread 0x0000023bf4fd23e0 Unloading class 0x0000023b816ed8d8 'org/apache/maven/plugin/resources/TestResourcesMojo'
Event: 38.962 Thread 0x0000023bf4fd23e0 Unloading class 0x0000023b816ed5b0 'org/apache/maven/plugin/resources/CopyResourcesMojo'
Event: 38.962 Thread 0x0000023bf4fd23e0 Unloading class 0x0000023b816ed288 'org/apache/maven/plugin/resources/ResourcesMojo'
Event: 38.962 Thread 0x0000023bf4fd23e0 Unloading class 0x0000023b816ed000 'org/apache/maven/plugin/resources/HelpMojo'
Event: 38.962 Thread 0x0000023bf4fd23e0 Unloading class 0x0000023b816d1400 'java/lang/invoke/LambdaForm$DMH+0x0000023b816d1400'

Classes redefined (0 events):
No events

Internal exceptions (20 events):
Event: 49.418 Thread 0x0000023bfd1e93c0 Exception <a 'sun/nio/fs/WindowsException'{0x00000000d595e788}> (0x00000000d595e788) 
thrown [s\src\hotspot\share\prims\jni.cpp, line 520]
Event: 49.430 Thread 0x0000023bfd1e93c0 Exception <a 'sun/nio/fs/WindowsException'{0x00000000d55b3160}> (0x00000000d55b3160) 
thrown [s\src\hotspot\share\prims\jni.cpp, line 520]
Event: 49.431 Thread 0x0000023bfd1e93c0 Exception <a 'sun/nio/fs/WindowsException'{0x00000000d55b39e0}> (0x00000000d55b39e0) 
thrown [s\src\hotspot\share\prims\jni.cpp, line 520]
Event: 50.750 Thread 0x0000023bfd1e93c0 Exception <a 'sun/nio/fs/WindowsException'{0x00000000d59768b0}> (0x00000000d59768b0) 
thrown [s\src\hotspot\share\prims\jni.cpp, line 520]
Event: 50.750 Thread 0x0000023bfd1e93c0 Exception <a 'sun/nio/fs/WindowsException'{0x00000000d5976ec8}> (0x00000000d5976ec8) 
thrown [s\src\hotspot\share\prims\jni.cpp, line 520]
Event: 50.750 Thread 0x0000023bfd1e93c0 Exception <a 'sun/nio/fs/WindowsException'{0x00000000d5977918}> (0x00000000d5977918) 
thrown [s\src\hotspot\share\prims\jni.cpp, line 520]
Event: 50.750 Thread 0x0000023bfd1e93c0 Exception <a 'sun/nio/fs/WindowsException'{0x00000000d5977f30}> (0x00000000d5977f30) 
thrown [s\src\hotspot\share\prims\jni.cpp, line 520]
Event: 50.751 Thread 0x0000023bfd1e93c0 Exception <a 'sun/nio/fs/WindowsException'{0x00000000d59793c0}> (0x00000000d59793c0) 
thrown [s\src\hotspot\share\prims\jni.cpp, line 520]
Event: 50.751 Thread 0x0000023bfd1e93c0 Exception <a 'sun/nio/fs/WindowsException'{0x00000000d59799d8}> (0x00000000d59799d8) 
thrown [s\src\hotspot\share\prims\jni.cpp, line 520]
Event: 50.756 Thread 0x0000023bfd1e93c0 Exception <a 'sun/nio/fs/WindowsException'{0x00000000d55b5198}> (0x00000000d55b5198) 
thrown [s\src\hotspot\share\prims\jni.cpp, line 520]
Event: 50.757 Thread 0x0000023bfd1e93c0 Exception <a 'sun/nio/fs/WindowsException'{0x00000000d55bd130}> (0x00000000d55bd130) 
thrown [s\src\hotspot\share\prims\jni.cpp, line 520]
Event: 50.818 Thread 0x0000023bfd1e8010 Exception <a 'sun/nio/fs/WindowsException'{0x00000000d57ca310}> (0x00000000d57ca310) 
thrown [s\src\hotspot\share\prims\jni.cpp, line 520]
Event: 50.820 Thread 0x0000023bfd1e8010 Exception <a 'sun/nio/fs/WindowsException'{0x00000000d57d0630}> (0x00000000d57d0630) 
thrown [s\src\hotspot\share\prims\jni.cpp, line 520]
Event: 50.821 Thread 0x0000023bfd1e8010 Exception <a 'sun/nio/fs/WindowsException'{0x00000000d57de338}> (0x00000000d57de338) 
thrown [s\src\hotspot\share\prims\jni.cpp, line 520]
Event: 50.823 Thread 0x0000023bfd1e8010 Exception <a 'sun/nio/fs/WindowsException'{0x00000000d57e6070}> (0x00000000d57e6070) 
thrown [s\src\hotspot\share\prims\jni.cpp, line 520]
Event: 51.268 Thread 0x0000023bfd1e8010 Exception <a 'sun/nio/fs/WindowsException'{0x00000000d57e2de0}> (0x00000000d57e2de0) 
thrown [s\src\hotspot\share\prims\jni.cpp, line 520]
Event: 51.292 Thread 0x0000023bfd1e8010 Exception <a 'sun/nio/fs/WindowsException'{0x00000000d588a920}> (0x00000000d588a920) 
thrown [s\src\hotspot\share\prims\jni.cpp, line 520]
Event: 51.922 Thread 0x0000023bfd1e8d30 Exception <a 'sun/nio/fs/WindowsException'{0x00000000d580e268}> (0x00000000d580e268) 
thrown [s\src\hotspot\share\prims\jni.cpp, line 520]
Event: 51.923 Thread 0x0000023bfd1e8d30 Exception <a 'sun/nio/fs/WindowsException'{0x00000000d580f568}> (0x00000000d580f568) 
thrown [s\src\hotspot\share\prims\jni.cpp, line 520]
Event: 51.941 Thread 0x0000023bfd1e8d30 Implicit null exception at 0x0000023be9fa527e to 0x0000023be9fa5448

ZGC Phase Switch (0 events):
No events

VM Operations (20 events):
Event: 51.358 Executing VM operation: HandshakeAllThreads (Deoptimize)
Event: 51.358 Executing VM operation: HandshakeAllThreads (Deoptimize) done
Event: 51.449 Executing VM operation: ParallelGCFailedAllocation (Allocation Failure)
Event: 51.451 Executing VM operation: ParallelGCFailedAllocation (Allocation Failure) done
Event: 51.677 Executing VM operation: ParallelGCFailedAllocation (Allocation Failure)
Event: 51.679 Executing VM operation: ParallelGCFailedAllocation (Allocation Failure) done
Event: 51.842 Executing VM operation: ParallelGCFailedAllocation (Allocation Failure)
Event: 51.843 Executing VM operation: ParallelGCFailedAllocation (Allocation Failure) done
Event: 51.862 Executing VM operation: ParallelGCFailedAllocation (Allocation Failure)
Event: 51.864 Executing VM operation: ParallelGCFailedAllocation (Allocation Failure) done
Event: 51.982 Executing VM operation: ParallelGCFailedAllocation (Allocation Failure)
Event: 51.983 Executing VM operation: ParallelGCFailedAllocation (Allocation Failure) done
Event: 52.005 Executing VM operation: ParallelGCFailedAllocation (Allocation Failure)
Event: 52.007 Executing VM operation: ParallelGCFailedAllocation (Allocation Failure) done
Event: 52.020 Executing VM operation: ParallelGCFailedAllocation (Allocation Failure)
Event: 52.021 Executing VM operation: ParallelGCFailedAllocation (Allocation Failure) done
Event: 52.058 Executing VM operation: ParallelGCFailedAllocation (Allocation Failure)
Event: 52.059 Executing VM operation: ParallelGCFailedAllocation (Allocation Failure) done
Event: 53.070 Executing VM operation: Cleanup
Event: 53.070 Executing VM operation: Cleanup done

Memory protections (0 events):
No events

Nmethod flushes (20 events):
Event: 39.000 Thread 0x0000023bf4fd23e0 flushing  nmethod 0x0000023be27bc510
Event: 39.000 Thread 0x0000023bf4fd23e0 flushing  nmethod 0x0000023be27dab10
Event: 39.000 Thread 0x0000023bf4fd23e0 flushing  nmethod 0x0000023be27f3c90
Event: 39.000 Thread 0x0000023bf4fd23e0 flushing  nmethod 0x0000023be27f6f90
Event: 39.000 Thread 0x0000023bf4fd23e0 flushing  nmethod 0x0000023be2892d10
Event: 39.000 Thread 0x0000023bf4fd23e0 flushing  nmethod 0x0000023be28e3390
Event: 39.000 Thread 0x0000023bf4fd23e0 flushing  nmethod 0x0000023be28e8590
Event: 39.000 Thread 0x0000023bf4fd23e0 flushing  nmethod 0x0000023be2906b90
Event: 39.000 Thread 0x0000023bf4fd23e0 flushing  nmethod 0x0000023be2976910
Event: 39.000 Thread 0x0000023bf4fd23e0 flushing  nmethod 0x0000023be297a990
Event: 39.000 Thread 0x0000023bf4fd23e0 flushing  nmethod 0x0000023be2986e10
Event: 39.000 Thread 0x0000023bf4fd23e0 flushing  nmethod 0x0000023be29e9d90
Event: 39.000 Thread 0x0000023bf4fd23e0 flushing  nmethod 0x0000023be2a6c910
Event: 39.000 Thread 0x0000023bf4fd23e0 flushing  nmethod 0x0000023be2a7a910
Event: 39.000 Thread 0x0000023bf4fd23e0 flushing  nmethod 0x0000023be2a84b90
Event: 39.000 Thread 0x0000023bf4fd23e0 flushing  nmethod 0x0000023be35d2890
Event: 39.000 Thread 0x0000023bf4fd23e0 flushing  nmethod 0x0000023be35e0990
Event: 39.000 Thread 0x0000023bf4fd23e0 flushing  nmethod 0x0000023be35f3b90
Event: 39.000 Thread 0x0000023bf4fd23e0 flushing  nmethod 0x0000023be3701510
Event: 39.000 Thread 0x0000023bf4fd23e0 flushing  nmethod 0x0000023be3704e10

Events (20 events):
Event: 50.410 Thread 0x0000023bc36dfed0 Thread exited: 0x0000023bc36dfed0
Event: 50.410 Thread 0x0000023bc36e0bf0 Thread exited: 0x0000023bc36e0bf0
Event: 50.410 Thread 0x0000023bc36e0560 Thread exited: 0x0000023bc36e0560
Event: 50.410 Thread 0x0000023bc11f6dd0 Thread exited: 0x0000023bc11f6dd0
Event: 50.410 Thread 0x0000023bc36df840 Thread exited: 0x0000023bc36df840
Event: 51.254 Thread 0x0000023bc30f56e0 Thread exited: 0x0000023bc30f56e0
Event: 51.363 Thread 0x0000023bc30f8690 Thread added: 0x0000023bc30f56e0
Event: 51.742 Thread 0x0000023bc30f56e0 Thread exited: 0x0000023bc30f56e0
Event: 51.865 Thread 0x0000023bc30f8690 Thread added: 0x0000023bc30f56e0
Event: 51.979 Thread 0x0000023bfd1e8d30 Thread added: 0x0000023bc11f6dd0
Event: 51.979 Thread 0x0000023bfd1e8d30 Thread added: 0x0000023bc36df840
Event: 51.980 Thread 0x0000023bfd1e8d30 Thread added: 0x0000023bc36dfed0
Event: 51.980 Thread 0x0000023bfd1e8d30 Thread added: 0x0000023bc36e0560
Event: 51.980 Thread 0x0000023bfd1e8d30 Thread added: 0x0000023bc36e0bf0
Event: 52.044 Thread 0x0000023bc36df840 Thread exited: 0x0000023bc36df840
Event: 52.044 Thread 0x0000023bc36e0bf0 Thread exited: 0x0000023bc36e0bf0
Event: 52.044 Thread 0x0000023bc36dfed0 Thread exited: 0x0000023bc36dfed0
Event: 52.044 Thread 0x0000023bc36e0560 Thread exited: 0x0000023bc36e0560
Event: 52.044 Thread 0x0000023bc11f6dd0 Thread exited: 0x0000023bc11f6dd0
Event: 53.086 Thread 0x0000023bc30f8d60 Thread exited: 0x0000023bc30f8d60


Dynamic libraries:
0x00007ff6d4cc0000 - 0x00007ff6d4cce000 	c:\Users\tanmengyang\.trae-cn\extensions\redhat.java-1.47.0-win32-x64\jre\21.0.8-win32-x86_64\bin\java.exe
0x00007ffb21960000 - 0x00007ffb21bc8000 	C:\WINDOWS\SYSTEM32\ntdll.dll
0x00007ffb213a0000 - 0x00007ffb21469000 	C:\WINDOWS\System32\KERNEL32.DLL
0x00007ffb1f070000 - 0x00007ffb1f462000 	C:\WINDOWS\System32\KERNELBASE.dll
0x00007ffb1f470000 - 0x00007ffb1f5bb000 	C:\WINDOWS\System32\ucrtbase.dll
0x00007ffaf4060000 - 0x00007ffaf407e000 	c:\Users\tanmengyang\.trae-cn\extensions\redhat.java-1.47.0-win32-x64\jre\21.0.8-win32-x86_64\bin\VCRUNTIME140.dll
0x00007ffaf4040000 - 0x00007ffaf4058000 	c:\Users\tanmengyang\.trae-cn\extensions\redhat.java-1.47.0-win32-x64\jre\21.0.8-win32-x86_64\bin\jli.dll
0x00007ffb21590000 - 0x00007ffb21755000 	C:\WINDOWS\System32\USER32.dll
0x00007ffafbdf0000 - 0x00007ffafc083000 	C:\WINDOWS\WinSxS\amd64_microsoft.windows.common-controls_6595b64144ccf1df_6.0.26100.6899_none_3e0efeeae32e88c1\COMCTL32.dll
0x00007ffb1f7e0000 - 0x00007ffb1f889000 	C:\WINDOWS\System32\msvcrt.dll
0x00007ffb1f040000 - 0x00007ffb1f067000 	C:\WINDOWS\System32\win32u.dll
0x00007ffb21260000 - 0x00007ffb2128b000 	C:\WINDOWS\System32\GDI32.dll
0x00007ffb1eb80000 - 0x00007ffb1ecad000 	C:\WINDOWS\System32\gdi32full.dll
0x00007ffb1ef90000 - 0x00007ffb1f033000 	C:\WINDOWS\System32\msvcp_win.dll
0x00007ffb1fca0000 - 0x00007ffb1fccf000 	C:\WINDOWS\System32\IMM32.DLL
0x00007ffaf4030000 - 0x00007ffaf403c000 	c:\Users\tanmengyang\.trae-cn\extensions\redhat.java-1.47.0-win32-x64\jre\21.0.8-win32-x86_64\bin\vcruntime140_1.dll
0x00007ffac7550000 - 0x00007ffac75dd000 	c:\Users\tanmengyang\.trae-cn\extensions\redhat.java-1.47.0-win32-x64\jre\21.0.8-win32-x86_64\bin\msvcp140.dll
0x00007ffa03df0000 - 0x00007ffa04b87000 	c:\Users\tanmengyang\.trae-cn\extensions\redhat.java-1.47.0-win32-x64\jre\21.0.8-win32-x86_64\bin\server\jvm.dll
0x00007ffb21470000 - 0x00007ffb21524000 	C:\WINDOWS\System32\ADVAPI32.dll
0x00007ffb1f730000 - 0x00007ffb1f7d6000 	C:\WINDOWS\System32\sechost.dll
0x00007ffb21800000 - 0x00007ffb21918000 	C:\WINDOWS\System32\RPCRT4.dll
0x00007ffb21770000 - 0x00007ffb217e4000 	C:\WINDOWS\System32\WS2_32.dll
0x00007ffb1e910000 - 0x00007ffb1e96e000 	C:\WINDOWS\SYSTEM32\POWRPROF.dll
0x00007ffb0f870000 - 0x00007ffb0f8a5000 	C:\WINDOWS\SYSTEM32\WINMM.dll
0x00007ffb11380000 - 0x00007ffb1138b000 	C:\WINDOWS\SYSTEM32\VERSION.dll
0x00007ffb1e8f0000 - 0x00007ffb1e904000 	C:\WINDOWS\SYSTEM32\UMPDC.dll
0x00007ffb1d880000 - 0x00007ffb1d89b000 	C:\WINDOWS\SYSTEM32\kernel.appcore.dll
0x00007ffaf4020000 - 0x00007ffaf402a000 	c:\Users\tanmengyang\.trae-cn\extensions\redhat.java-1.47.0-win32-x64\jre\21.0.8-win32-x86_64\bin\jimage.dll
0x00007ffb1c150000 - 0x00007ffb1c392000 	C:\WINDOWS\SYSTEM32\DBGHELP.DLL
0x00007ffb20790000 - 0x00007ffb20b0b000 	C:\WINDOWS\System32\combase.dll
0x00007ffb1fbc0000 - 0x00007ffb1fc97000 	C:\WINDOWS\System32\OLEAUT32.dll
0x00007ffafba70000 - 0x00007ffafbaac000 	C:\WINDOWS\SYSTEM32\dbgcore.DLL
0x00007ffb1ed70000 - 0x00007ffb1ee08000 	C:\WINDOWS\System32\bcryptPrimitives.dll
0x00007ffaf4010000 - 0x00007ffaf401f000 	c:\Users\tanmengyang\.trae-cn\extensions\redhat.java-1.47.0-win32-x64\jre\21.0.8-win32-x86_64\bin\instrument.dll
0x00007ffaf3ff0000 - 0x00007ffaf400f000 	c:\Users\tanmengyang\.trae-cn\extensions\redhat.java-1.47.0-win32-x64\jre\21.0.8-win32-x86_64\bin\java.dll
0x00007ffb20b10000 - 0x00007ffb2125d000 	C:\WINDOWS\System32\SHELL32.dll
0x00007ffb1f5c0000 - 0x00007ffb1f72b000 	C:\WINDOWS\System32\wintypes.dll
0x00007ffb1c6d0000 - 0x00007ffb1cf2d000 	C:\WINDOWS\SYSTEM32\windows.storage.dll
0x00007ffb1fa00000 - 0x00007ffb1faf2000 	C:\WINDOWS\System32\SHCORE.dll
0x00007ffb1fb50000 - 0x00007ffb1fbb2000 	C:\WINDOWS\System32\shlwapi.dll
0x00007ffb1e9d0000 - 0x00007ffb1e9f9000 	C:\WINDOWS\SYSTEM32\profapi.dll
0x00007fface4f0000 - 0x00007fface508000 	c:\Users\tanmengyang\.trae-cn\extensions\redhat.java-1.47.0-win32-x64\jre\21.0.8-win32-x86_64\bin\zip.dll
0x00007ffaf3fe0000 - 0x00007ffaf3ff0000 	C:\Users\tanmengyang\.trae-cn\extensions\redhat.java-1.47.0-win32-x64\jre\21.0.8-win32-x86_64\bin\net.dll
0x00007ffb138f0000 - 0x00007ffb13a0f000 	C:\WINDOWS\SYSTEM32\WINHTTP.dll
0x00007ffb1ddf0000 - 0x00007ffb1de5b000 	C:\WINDOWS\system32\mswsock.dll
0x00007fface4d0000 - 0x00007fface4e6000 	C:\Users\tanmengyang\.trae-cn\extensions\redhat.java-1.47.0-win32-x64\jre\21.0.8-win32-x86_64\bin\nio.dll
0x00007ffaea330000 - 0x00007ffaea340000 	c:\Users\tanmengyang\.trae-cn\extensions\redhat.java-1.47.0-win32-x64\jre\21.0.8-win32-x86_64\bin\verify.dll
0x00007ffac7500000 - 0x00007ffac7544000 	C:\Users\tanmengyang\AppData\Roaming\Trae CN\User\globalStorage\redhat.java\1.47.0\config_win\org.eclipse.equinox.launcher\org.eclipse.equinox.launcher.win32.win32.x86_64_1.2.1400.v20250801-0854\eclipse_11916.dll
0x00007ffb20350000 - 0x00007ffb204e8000 	C:\WINDOWS\System32\ole32.dll
0x00007ffb1e0a0000 - 0x00007ffb1e0bb000 	C:\WINDOWS\SYSTEM32\CRYPTSP.dll
0x00007ffb1d7e0000 - 0x00007ffb1d81b000 	C:\WINDOWS\system32\rsaenh.dll
0x00007ffb1de90000 - 0x00007ffb1debb000 	C:\WINDOWS\SYSTEM32\USERENV.dll
0x00007ffb1e9a0000 - 0x00007ffb1e9c6000 	C:\WINDOWS\SYSTEM32\bcrypt.dll
0x00007ffb1e0c0000 - 0x00007ffb1e0cc000 	C:\WINDOWS\SYSTEM32\CRYPTBASE.dll
0x00007ffb1d3b0000 - 0x00007ffb1d3e4000 	C:\WINDOWS\SYSTEM32\IPHLPAPI.DLL
0x00007ffb21760000 - 0x00007ffb2176a000 	C:\WINDOWS\System32\NSI.dll
0x00007ffac3100000 - 0x00007ffac3149000 	C:\Users\tanmengyang\AppData\Local\Temp\jna--1742008781\jna7267348009650591680.dll
0x00007ffb20680000 - 0x00007ffb20688000 	C:\WINDOWS\System32\PSAPI.DLL
0x00007ffb13e90000 - 0x00007ffb13eae000 	C:\WINDOWS\SYSTEM32\dhcpcsvc6.DLL
0x00007ffb13e00000 - 0x00007ffb13e23000 	C:\WINDOWS\SYSTEM32\dhcpcsvc.DLL

JVMTI agents:
c:\Users\tanmengyang\.trae-cn\extensions\redhat.java-1.47.0-win32-x64\lombok\lombok-1.18.39-4050.jar path:c:\Users\tanmengyang\.trae-cn\extensions\redhat.java-1.47.0-win32-x64\jre\21.0.8-win32-x86_64\bin\instrument.dll, loaded, initialized, instrumentlib options:none

dbghelp: loaded successfully - version: 4.0.5 - missing functions: none
symbol engine: initialized successfully - sym options: 0x614 - pdb path: .;c:\Users\tanmengyang\.trae-cn\extensions\redhat.java-1.47.0-win32-x64\jre\21.0.8-win32-x86_64\bin;C:\WINDOWS\SYSTEM32;C:\WINDOWS\WinSxS\amd64_microsoft.windows.common-controls_6595b64144ccf1df_6.0.26100.6899_none_3e0efeeae32e88c1;c:\Users\tanmengyang\.trae-cn\extensions\redhat.java-1.47.0-win32-x64\jre\21.0.8-win32-x86_64\bin\server;C:\Users\tanmengyang\AppData\Roaming\Trae CN\User\globalStorage\redhat.java\1.47.0\config_win\org.eclipse.equinox.launcher\org.eclipse.equinox.launcher.win32.win32.x86_64_1.2.1400.v20250801-0854;C:\Users\tanmengyang\AppData\Local\Temp\jna--1742008781

VM Arguments:
jvm_args: --add-modules=ALL-SYSTEM --add-opens=java.base/java.util=ALL-UNNAMED --add-opens=java.base/java.lang=ALL-UNNAMED --add-opens=java.base/sun.nio.fs=ALL-UNNAMED -Declipse.application=org.eclipse.jdt.ls.core.id1 -Dosgi.bundles.defaultStartLevel=4 -Declipse.product=org.eclipse.jdt.ls.core.product -Djava.import.generatesMetadataFilesAtProjectRoot=false -DDetectVMInstallationsJob.disabled=true -Dfile.encoding=utf8 -XX:+UseParallelGC -XX:GCTimeRatio=4 -XX:AdaptiveSizePolicyWeight=90 -Dsun.zip.disableMemoryMapping=true -Xmx2G -Xms100m -Xlog:disable -javaagent:c:\Users\tanmengyang\.trae-cn\extensions\redhat.java-1.47.0-win32-x64\lombok\lombok-1.18.39-4050.jar -XX:+HeapDumpOnOutOfMemoryError -XX:HeapDumpPath=c:\Users\tanmengyang\AppData\Roaming\Trae CN\User\workspaceStorage\44bda469783921144d4b918d0c7776f9\redhat.java -Daether.dependencyCollector.impl=bf 
java_command: c:\Users\tanmengyang\.trae-cn\extensions\redhat.java-1.47.0-win32-x64\server\plugins\org.eclipse.equinox.launcher_1.7.100.v20251014-1222.jar -configuration c:\Users\tanmengyang\AppData\Roaming\Trae CN\User\globalStorage\redhat.java\1.47.0\config_win -data c:\Users\tanmengyang\AppData\Roaming\Trae CN\User\workspaceStorage\44bda469783921144d4b918d0c7776f9\redhat.java\jdt_ws --pipe=\\.\pipe\lsp-5f129707a1c8504045b90e5079c2ef74-sock
java_class_path (initial): c:\Users\tanmengyang\.trae-cn\extensions\redhat.java-1.47.0-win32-x64\server\plugins\org.eclipse.equinox.launcher_1.7.100.v20251014-1222.jar
Launcher Type: SUN_STANDARD

[Global flags]
    uintx AdaptiveSizePolicyWeight                 = 90                                        {product} {command line}
     intx CICompilerCount                          = 12                                        {product} {ergonomic}
    uintx GCTimeRatio                              = 4                                         {product} {command line}
     bool HeapDumpOnOutOfMemoryError               = true                                   {manageable} {command line}
    ccstr HeapDumpPath                             = c:\Users\tanmengyang\AppData\Roaming\Trae CN\User\workspaceStorage\44bda469783921144d4b918d0c7776f9\redhat.java         {manageable} {command line}
   size_t InitialHeapSize                          = 104857600                                 {product} {command line}
   size_t MaxHeapSize                              = 2147483648                                {product} {command line}
   size_t MaxNewSize                               = 715653120                                 {product} {ergonomic}
   size_t MinHeapDeltaBytes                        = 524288                                    {product} {ergonomic}
   size_t MinHeapSize                              = 104857600                                 {product} {command line}
   size_t NewSize                                  = 34603008                                  {product} {ergonomic}
    uintx NonNMethodCodeHeapSize                   = 7602480                                {pd product} {ergonomic}
    uintx NonProfiledCodeHeapSize                  = 122027880                              {pd product} {ergonomic}
   size_t OldSize                                  = 70254592                                  {product} {ergonomic}
    uintx ProfiledCodeHeapSize                     = 122027880                              {pd product} {ergonomic}
    uintx ReservedCodeCacheSize                    = 251658240                              {pd product} {ergonomic}
     bool SegmentedCodeCache                       = true                                      {product} {ergonomic}
   size_t SoftMaxHeapSize                          = 2147483648                             {manageable} {ergonomic}
     bool UseCompressedOops                        = true                           {product lp64_product} {ergonomic}
     bool UseLargePagesIndividualAllocation        = false                                  {pd product} {ergonomic}
     bool UseParallelGC                            = true                                      {product} {command line}

Logging:
Log output configuration:
 #0: stdout all=off uptime,level,tags foldmultilines=false
 #1: stderr all=off uptime,level,tags foldmultilines=false

Environment Variables:
JAVA_HOME=C:\Program Files\Java\jdk-1.8
CLASSPATH=.;C:\Program Files\Java\jdk-1.8\lib\dt.jar;C:\Program Files\Java\jdk-1.8\lib\tools.jar
PATH=C:\Users\tanmengyang\.trae-cn\tools\gradle\latest\bin;C:\Program Files\Java\jdk-1.8\bin;C:\Users\tanmengyang\.trae-cn\tools\maven\latest\bin;C:\Program Files\Java\jdk-11.0.29.7-hotspot\bin;D:\VM\vmware\bin\;C:\Program Files\Common Files\Oracle\Java\javapath;C:\Program Files (x86)\Common Files\Oracle\Java\javapath;C:\Program Files\Java\jdk-1.8\bin;C:\Windows\system32;C:\Windows;C:\Windows\System32\Wbem;C:\Windows\System32\WindowsPowerShell\v1.0\;C:\Windows\System32\OpenSSH\;C:\Program Files (x86)\NVIDIA Corporation\PhysX\Common;C:\Program Files\NVIDIA Corporation\NVIDIA NvDLISR;C:\Program Files\Microsoft SQL Server\110\Tools\Binn\;C:\Program Files\Microsoft SQL Server\150\Tools\Binn\;C:\Program Files\Microsoft SQL Server\Client SDK\ODBC\170\Tools\Binn\;C:\Program Files (x86)\Windows Kits\10\Windows Performance Toolkit\;C:\Program Files\dotnet\;C:\WINDOWS\system32;C:\WINDOWS;C:\WINDOWS\System32\Wbem;C:\WINDOWS\System32\WindowsPowerShell\v1.0\;C:\WINDOWS\System32\OpenSSH\;C:\Program Files (x86)\Microsoft SQL Server\160\Tools\Binn\;C:\Program Files\Microsoft SQL Server\160\Tools\Binn\;C:\Program Files\Microsoft SQL Server\160\DTS\Binn\;C:\Program Files (x86)\Microsoft SQL Server\160\DTS\Binn\;C:\Program Files\Apache\Maven\apache-maven-3.8.8\bin;D:\vue\;D:\Git\Git\cmd;D:\JAVA\Erlang OTP\bin;C:\Program Files\Git\cmd;C:\Program Files\Docker\Docker\resources\bin;C:\Users\tanmengyang\AppData\Local\Programs\Python\Python39;C:\Users\tanmengyang\AppData\Local\Programs\Python\Python39\Scripts;C:\Users\tanmengyang\AppData\Local\Programs\Python;C:\Users\tanmengyang\AppData\Local\Microsoft\WindowsApps;C:\Users\tanmengyang\.dotnet\tools;C:\Users\tanmengyang\AppData\Local\Programs\Microsoft VS Code\bin;C:\Users\tanmengyang\AppData\Roaming\npm;D:\\Qoder\bin;C:\Program Files\JetBrains\IntelliJ IDEA Community Edition 2023.3.8\bin;;d:\Trae CN\resources\app\bin\lib
USERNAME=tanmengyang
OS=Windows_NT
PROCESSOR_IDENTIFIER=Intel64 Family 6 Model 186 Stepping 2, GenuineIntel
TMP=C:\Users\TANMEN~1\AppData\Local\Temp
TEMP=C:\Users\TANMEN~1\AppData\Local\Temp




Periodic native trim disabled

---------------  S Y S T E M  ---------------

OS:
 Windows 11 , 64 bit Build 26100 (10.0.26100.6725)
OS uptime: 3 days 4:53 hours
Hyper-V role detected

CPU: total 16 (initial active 16) (8 cores per cpu, 2 threads per core) family 6 model 186 stepping 2 microcode 0x5105, cx8, cmov, fxsr, ht, mmx, 3dnowpref, sse, sse2, sse3, ssse3, sse4.1, sse4.2, popcnt, lzcnt, tsc, tscinvbit, avx, avx2, aes, erms, clmul, bmi1, bmi2, adx, sha, fma, vzeroupper, clflush, clflushopt, clwb, hv, serialize, rdtscp, rdpid, fsrm, f16c, cet_ibt, cet_ss
Processor Information for processor 0
  Max Mhz: 2600, Current Mhz: 2600, Mhz Limit: 2600
Processor Information for processor 1
  Max Mhz: 2600, Current Mhz: 1496, Mhz Limit: 2600
Processor Information for processor 2
  Max Mhz: 2600, Current Mhz: 2600, Mhz Limit: 2600
Processor Information for processor 3
  Max Mhz: 2600, Current Mhz: 1496, Mhz Limit: 2600
Processor Information for processor 4
  Max Mhz: 2600, Current Mhz: 2600, Mhz Limit: 2600
Processor Information for processor 5
  Max Mhz: 2600, Current Mhz: 2600, Mhz Limit: 2600
Processor Information for processor 6
  Max Mhz: 2600, Current Mhz: 2600, Mhz Limit: 2600
Processor Information for processor 7
  Max Mhz: 2600, Current Mhz: 2600, Mhz Limit: 2600
Processor Information for processor 8
  Max Mhz: 2600, Current Mhz: 1900, Mhz Limit: 1898
Processor Information for processor 9
  Max Mhz: 2600, Current Mhz: 1900, Mhz Limit: 1898
Processor Information for processor 10
  Max Mhz: 2600, Current Mhz: 1500, Mhz Limit: 1898
Processor Information for processor 11
  Max Mhz: 2600, Current Mhz: 1900, Mhz Limit: 1898
Processor Information for processor 12
  Max Mhz: 2600, Current Mhz: 1900, Mhz Limit: 1898
Processor Information for processor 13
  Max Mhz: 2600, Current Mhz: 1900, Mhz Limit: 1898
Processor Information for processor 14
  Max Mhz: 2600, Current Mhz: 1900, Mhz Limit: 1898
Processor Information for processor 15
  Max Mhz: 2600, Current Mhz: 1900, Mhz Limit: 1898

Memory: 4k page, system-wide physical 16053M (529M free)
TotalPageFile size 36533M (AvailPageFile size 137M)
current process WorkingSet (physical memory assigned to process): 567M, peak: 601M
current process commit charge ("private bytes"): 656M, peak: 688M

vm_info: OpenJDK 64-Bit Server VM (21.0.8+9-LTS) for windows-amd64 JRE (21.0.8+9-LTS), built on 2025-07-15T00:00:00Z by "admin" with MS VC++ 17.7 (VS2022)

END.
